{"/home/travis/build/npmtest/node-npmtest-multiplex/test.js":{"path":"/home/travis/build/npmtest/node-npmtest-multiplex/test.js","s":{"1":2,"2":2,"3":2,"4":2,"5":2,"6":2,"7":2,"8":1,"9":2,"10":2,"11":1,"12":1,"13":1,"14":1,"15":2,"16":2,"17":2,"18":2,"19":1,"20":1,"21":2,"22":2,"23":2,"24":1,"25":1,"26":1,"27":1,"28":1,"29":1,"30":1,"31":1,"32":1,"33":1,"34":1,"35":1,"36":1,"37":1,"38":1,"39":2,"40":2,"41":1,"42":2,"43":2,"44":1,"45":2,"46":2,"47":1,"48":2,"49":2,"50":1,"51":1,"52":1,"53":1,"54":1},"b":{"1":[2,1,1,1],"2":[1,1,1,1],"3":[1,1],"4":[1,1],"5":[1,1],"6":[1,1],"7":[1,1],"8":[1,1],"9":[1,1],"10":[1,1,1],"11":[1,1],"12":[1,1],"13":[1,1],"14":[1,1],"15":[1,1],"16":[1,1],"17":[1,1]},"f":{"1":2,"2":2,"3":2,"4":2,"5":2,"6":1,"7":1,"8":1,"9":2,"10":2,"11":2,"12":2,"13":1},"fnMap":{"1":{"name":"(anonymous_1)","line":12,"loc":{"start":{"line":12,"column":1},"end":{"line":12,"column":13}}},"2":{"name":"(anonymous_2)","line":19,"loc":{"start":{"line":19,"column":5},"end":{"line":19,"column":17}}},"3":{"name":"(anonymous_3)","line":23,"loc":{"start":{"line":23,"column":24},"end":{"line":23,"column":36}}},"4":{"name":"(anonymous_4)","line":61,"loc":{"start":{"line":61,"column":5},"end":{"line":61,"column":17}}},"5":{"name":"(anonymous_5)","line":82,"loc":{"start":{"line":82,"column":5},"end":{"line":82,"column":17}}},"6":{"name":"(anonymous_6)","line":91,"loc":{"start":{"line":91,"column":77},"end":{"line":94,"column":10}}},"7":{"name":"(anonymous_7)","line":112,"loc":{"start":{"line":112,"column":83},"end":{"line":115,"column":10}},"skip":true},"8":{"name":"(anonymous_8)","line":123,"loc":{"start":{"line":123,"column":77},"end":{"line":126,"column":10}},"skip":true},"9":{"name":"(anonymous_9)","line":139,"loc":{"start":{"line":139,"column":12},"end":{"line":139,"column":40}},"skip":true},"10":{"name":"(anonymous_10)","line":147,"loc":{"start":{"line":147,"column":77},"end":{"line":150,"column":10}},"skip":true},"11":{"name":"(anonymous_11)","line":158,"loc":{"start":{"line":158,"column":83},"end":{"line":161,"column":10}},"skip":true},"12":{"name":"(anonymous_12)","line":169,"loc":{"start":{"line":169,"column":79},"end":{"line":172,"column":10}},"skip":true},"13":{"name":"(anonymous_13)","line":180,"loc":{"start":{"line":180,"column":75},"end":{"line":183,"column":10}},"skip":true}},"statementMap":{"1":{"start":{"line":12,"column":0},"end":{"line":195,"column":5}},"2":{"start":{"line":14,"column":4},"end":{"line":14,"column":14}},"3":{"start":{"line":19,"column":4},"end":{"line":56,"column":9}},"4":{"start":{"line":21,"column":8},"end":{"line":21,"column":19}},"5":{"start":{"line":23,"column":8},"end":{"line":35,"column":13}},"6":{"start":{"line":24,"column":12},"end":{"line":34,"column":13}},"7":{"start":{"line":25,"column":16},"end":{"line":28,"column":30}},"8":{"start":{"line":30,"column":16},"end":{"line":33,"column":27}},"9":{"start":{"line":37,"column":8},"end":{"line":39,"column":21}},"10":{"start":{"line":40,"column":8},"end":{"line":53,"column":9}},"11":{"start":{"line":43,"column":12},"end":{"line":46,"column":14}},"12":{"start":{"line":47,"column":12},"end":{"line":47,"column":18}},"13":{"start":{"line":50,"column":12},"end":{"line":51,"column":33}},"14":{"start":{"line":52,"column":12},"end":{"line":52,"column":18}},"15":{"start":{"line":55,"column":8},"end":{"line":55,"column":35}},"16":{"start":{"line":61,"column":4},"end":{"line":63,"column":9}},"17":{"start":{"line":62,"column":8},"end":{"line":62,"column":15}},"18":{"start":{"line":64,"column":4},"end":{"line":77,"column":5}},"19":{"start":{"line":70,"column":8},"end":{"line":70,"column":14}},"20":{"start":{"line":76,"column":8},"end":{"line":76,"column":14}},"21":{"start":{"line":82,"column":4},"end":{"line":84,"column":9}},"22":{"start":{"line":83,"column":8},"end":{"line":83,"column":15}},"23":{"start":{"line":85,"column":4},"end":{"line":194,"column":5}},"24":{"start":{"line":91,"column":8},"end":{"line":99,"column":10}},"25":{"start":{"line":98,"column":12},"end":{"line":98,"column":35}},"26":{"start":{"line":102,"column":8},"end":{"line":104,"column":63}},"27":{"start":{"line":105,"column":8},"end":{"line":105,"column":14}},"28":{"start":{"line":112,"column":8},"end":{"line":121,"column":10},"skip":true},"29":{"start":{"line":119,"column":12},"end":{"line":119,"column":55},"skip":true},"30":{"start":{"line":120,"column":12},"end":{"line":120,"column":48},"skip":true},"31":{"start":{"line":123,"column":8},"end":{"line":136,"column":10},"skip":true},"32":{"start":{"line":130,"column":12},"end":{"line":130,"column":76},"skip":true},"33":{"start":{"line":131,"column":12},"end":{"line":131,"column":73},"skip":true},"34":{"start":{"line":132,"column":12},"end":{"line":132,"column":74},"skip":true},"35":{"start":{"line":133,"column":12},"end":{"line":133,"column":79},"skip":true},"36":{"start":{"line":134,"column":12},"end":{"line":134,"column":25},"skip":true},"37":{"start":{"line":135,"column":12},"end":{"line":135,"column":45},"skip":true},"38":{"start":{"line":138,"column":8},"end":{"line":145,"column":14},"skip":true},"39":{"start":{"line":143,"column":16},"end":{"line":143,"column":29},"skip":true},"40":{"start":{"line":144,"column":16},"end":{"line":144,"column":55},"skip":true},"41":{"start":{"line":147,"column":8},"end":{"line":156,"column":10},"skip":true},"42":{"start":{"line":154,"column":12},"end":{"line":154,"column":25},"skip":true},"43":{"start":{"line":155,"column":12},"end":{"line":155,"column":45},"skip":true},"44":{"start":{"line":158,"column":8},"end":{"line":167,"column":10},"skip":true},"45":{"start":{"line":165,"column":12},"end":{"line":165,"column":25},"skip":true},"46":{"start":{"line":166,"column":12},"end":{"line":166,"column":48},"skip":true},"47":{"start":{"line":169,"column":8},"end":{"line":178,"column":10},"skip":true},"48":{"start":{"line":176,"column":12},"end":{"line":176,"column":25},"skip":true},"49":{"start":{"line":177,"column":12},"end":{"line":177,"column":46},"skip":true},"50":{"start":{"line":180,"column":8},"end":{"line":189,"column":10},"skip":true},"51":{"start":{"line":187,"column":12},"end":{"line":187,"column":94},"skip":true},"52":{"start":{"line":188,"column":12},"end":{"line":188,"column":48},"skip":true},"53":{"start":{"line":192,"column":8},"end":{"line":192,"column":35},"skip":true},"54":{"start":{"line":193,"column":8},"end":{"line":193,"column":14},"skip":true}},"branchMap":{"1":{"line":25,"type":"binary-expr","locations":[{"start":{"line":25,"column":23},"end":{"line":25,"column":62}},{"start":{"line":26,"column":20},"end":{"line":26,"column":70}},{"start":{"line":27,"column":20},"end":{"line":27,"column":71}},{"start":{"line":28,"column":20},"end":{"line":28,"column":29}}]},"2":{"line":30,"type":"binary-expr","locations":[{"start":{"line":30,"column":23},"end":{"line":30,"column":37}},{"start":{"line":31,"column":20},"end":{"line":31,"column":61}},{"start":{"line":32,"column":20},"end":{"line":32,"column":70}},{"start":{"line":33,"column":20},"end":{"line":33,"column":26}}]},"3":{"line":37,"type":"cond-expr","locations":[{"start":{"line":38,"column":14},"end":{"line":38,"column":20}},{"start":{"line":39,"column":14},"end":{"line":39,"column":20}}]},"4":{"line":40,"type":"switch","locations":[{"start":{"line":42,"column":8},"end":{"line":47,"column":18}},{"start":{"line":49,"column":8},"end":{"line":52,"column":18}}]},"5":{"line":44,"type":"binary-expr","locations":[{"start":{"line":44,"column":16},"end":{"line":44,"column":44}},{"start":{"line":44,"column":48},"end":{"line":44,"column":66}}]},"6":{"line":50,"type":"binary-expr","locations":[{"start":{"line":50,"column":21},"end":{"line":50,"column":49}},{"start":{"line":50,"column":53},"end":{"line":50,"column":72}}]},"7":{"line":64,"type":"switch","locations":[{"start":{"line":69,"column":4},"end":{"line":70,"column":14}},{"start":{"line":75,"column":4},"end":{"line":76,"column":14}}]},"8":{"line":85,"type":"switch","locations":[{"start":{"line":90,"column":4},"end":{"line":105,"column":14}},{"start":{"line":111,"column":4},"end":{"line":193,"column":14},"skip":true}]},"9":{"line":91,"type":"binary-expr","locations":[{"start":{"line":91,"column":42},"end":{"line":91,"column":73}},{"start":{"line":91,"column":77},"end":{"line":99,"column":9}}]},"10":{"line":102,"type":"binary-expr","locations":[{"start":{"line":102,"column":18},"end":{"line":102,"column":32}},{"start":{"line":103,"column":12},"end":{"line":103,"column":53}},{"start":{"line":104,"column":12},"end":{"line":104,"column":61}}]},"11":{"line":112,"type":"binary-expr","locations":[{"start":{"line":112,"column":45},"end":{"line":112,"column":79},"skip":true},{"start":{"line":112,"column":83},"end":{"line":121,"column":9},"skip":true}]},"12":{"line":123,"type":"binary-expr","locations":[{"start":{"line":123,"column":42},"end":{"line":123,"column":73},"skip":true},{"start":{"line":123,"column":77},"end":{"line":136,"column":9},"skip":true}]},"13":{"line":138,"type":"binary-expr","locations":[{"start":{"line":138,"column":48},"end":{"line":138,"column":85},"skip":true},{"start":{"line":139,"column":12},"end":{"line":145,"column":13},"skip":true}]},"14":{"line":147,"type":"binary-expr","locations":[{"start":{"line":147,"column":42},"end":{"line":147,"column":73},"skip":true},{"start":{"line":147,"column":77},"end":{"line":156,"column":9},"skip":true}]},"15":{"line":158,"type":"binary-expr","locations":[{"start":{"line":158,"column":45},"end":{"line":158,"column":79},"skip":true},{"start":{"line":158,"column":83},"end":{"line":167,"column":9},"skip":true}]},"16":{"line":169,"type":"binary-expr","locations":[{"start":{"line":169,"column":43},"end":{"line":169,"column":75},"skip":true},{"start":{"line":169,"column":79},"end":{"line":178,"column":9},"skip":true}]},"17":{"line":180,"type":"binary-expr","locations":[{"start":{"line":180,"column":41},"end":{"line":180,"column":71},"skip":true},{"start":{"line":180,"column":75},"end":{"line":189,"column":9},"skip":true}]}},"code":["/* istanbul instrument in package npmtest_multiplex */","/*jslint","    bitwise: true,","    browser: true,","    maxerr: 8,","    maxlen: 96,","    node: true,","    nomen: true,","    regexp: true,","    stupid: true","*/","(function () {","    'use strict';","    var local;","","","","    // run shared js-env code - init-before","    (function () {","        // init local","        local = {};","        // init modeJs","        local.modeJs = (function () {","            try {","                return typeof navigator.userAgent === 'string' &&","                    typeof document.querySelector('body') === 'object' &&","                    typeof XMLHttpRequest.prototype.open === 'function' &&","                    'browser';","            } catch (errorCaughtBrowser) {","                return module.exports &&","                    typeof process.versions.node === 'string' &&","                    typeof require('http').createServer === 'function' &&","                    'node';","            }","        }());","        // init global","        local.global = local.modeJs === 'browser'","            ? window","            : global;","        switch (local.modeJs) {","        // re-init local from window.local","        case 'browser':","            local = local.global.utility2.objectSetDefault(","                local.global.utility2_rollup || local.global.local,","                local.global.utility2","            );","            break;","        // re-init local from example.js","        case 'node':","            local = (local.global.utility2_rollup || require('utility2'))","                .requireReadme();","            break;","        }","        // export local","        local.global.local = local;","    }());","","","","    // run shared js-env code - function","    (function () {","        return;","    }());","    switch (local.modeJs) {","","","","    // run browser js-env code - function","    case 'browser':","        break;","","","","    // run node js-env code - function","    case 'node':","        break;","    }","","","","    // run shared js-env code - init-after","    (function () {","        return;","    }());","    switch (local.modeJs) {","","","","    // run browser js-env code - init-after","    case 'browser':","        local.testCase_browser_nullCase = local.testCase_browser_nullCase || function (","            options,","            onError","        ) {","        /*","         * this function will test browsers's null-case handling-behavior-behavior","         */","            onError(null, options);","        };","","        // run tests","        local.nop(local.modeTest &&","            document.querySelector('#testRunButton1') &&","            document.querySelector('#testRunButton1').click());","        break;","","","","    // run node js-env code - init-after","    /* istanbul ignore next */","    case 'node':","        local.testCase_buildApidoc_default = local.testCase_buildApidoc_default || function (","            options,","            onError","        ) {","        /*","         * this function will test buildApidoc's default handling-behavior-behavior","         */","            options = { modulePathList: module.paths };","            local.buildApidoc(options, onError);","        };","","        local.testCase_buildApp_default = local.testCase_buildApp_default || function (","            options,","            onError","        ) {","        /*","         * this function will test buildApp's default handling-behavior-behavior","         */","            local.testCase_buildReadme_default(options, local.onErrorThrow);","            local.testCase_buildLib_default(options, local.onErrorThrow);","            local.testCase_buildTest_default(options, local.onErrorThrow);","            local.testCase_buildCustomOrg_default(options, local.onErrorThrow);","            options = [];","            local.buildApp(options, onError);","        };","","        local.testCase_buildCustomOrg_default = local.testCase_buildCustomOrg_default ||","            function (options, onError) {","            /*","             * this function will test buildCustomOrg's default handling-behavior","             */","                options = {};","                local.buildCustomOrg(options, onError);","            };","","        local.testCase_buildLib_default = local.testCase_buildLib_default || function (","            options,","            onError","        ) {","        /*","         * this function will test buildLib's default handling-behavior","         */","            options = {};","            local.buildLib(options, onError);","        };","","        local.testCase_buildReadme_default = local.testCase_buildReadme_default || function (","            options,","            onError","        ) {","        /*","         * this function will test buildReadme's default handling-behavior-behavior","         */","            options = {};","            local.buildReadme(options, onError);","        };","","        local.testCase_buildTest_default = local.testCase_buildTest_default || function (","            options,","            onError","        ) {","        /*","         * this function will test buildTest's default handling-behavior","         */","            options = {};","            local.buildTest(options, onError);","        };","","        local.testCase_webpage_default = local.testCase_webpage_default || function (","            options,","            onError","        ) {","        /*","         * this function will test webpage's default handling-behavior","         */","            options = { modeCoverageMerge: true, url: local.serverLocalHost + '?modeTest=1' };","            local.browserTest(options, onError);","        };","","        // run test-server","        local.testRunServer(local);","        break;","    }","}());",""],"l":{"12":2,"14":2,"19":2,"21":2,"23":2,"24":2,"25":2,"30":1,"37":2,"40":2,"43":1,"47":1,"50":1,"52":1,"55":2,"61":2,"62":2,"64":2,"70":1,"76":1,"82":2,"83":2,"85":2,"91":1,"98":1,"102":1,"105":1,"112":1,"119":1,"120":1,"123":1,"130":1,"131":1,"132":1,"133":1,"134":1,"135":1,"138":1,"143":2,"144":2,"147":1,"154":2,"155":2,"158":1,"165":2,"166":2,"169":1,"176":2,"177":2,"180":1,"187":1,"188":1,"192":1,"193":1}},"/home/travis/build/npmtest/node-npmtest-multiplex/lib.npmtest_multiplex.js":{"path":"/home/travis/build/npmtest/node-npmtest-multiplex/lib.npmtest_multiplex.js","s":{"1":2,"2":2,"3":2,"4":2,"5":2,"6":2,"7":2,"8":1,"9":2,"10":2,"11":2,"12":2,"13":1,"14":1,"15":1,"16":1},"b":{"1":[2,1,1,1],"2":[1,1,1,1],"3":[1,1],"4":[2,2],"5":[1,1]},"f":{"1":2,"2":2,"3":2},"fnMap":{"1":{"name":"(anonymous_1)","line":12,"loc":{"start":{"line":12,"column":1},"end":{"line":12,"column":13}}},"2":{"name":"(anonymous_2)","line":19,"loc":{"start":{"line":19,"column":5},"end":{"line":19,"column":17}}},"3":{"name":"(anonymous_3)","line":23,"loc":{"start":{"line":23,"column":24},"end":{"line":23,"column":36}}}},"statementMap":{"1":{"start":{"line":12,"column":0},"end":{"line":53,"column":5}},"2":{"start":{"line":14,"column":4},"end":{"line":14,"column":14}},"3":{"start":{"line":19,"column":4},"end":{"line":52,"column":9}},"4":{"start":{"line":21,"column":8},"end":{"line":21,"column":19}},"5":{"start":{"line":23,"column":8},"end":{"line":35,"column":13}},"6":{"start":{"line":24,"column":12},"end":{"line":34,"column":13}},"7":{"start":{"line":25,"column":16},"end":{"line":28,"column":30}},"8":{"start":{"line":30,"column":16},"end":{"line":33,"column":27}},"9":{"start":{"line":37,"column":8},"end":{"line":39,"column":21}},"10":{"start":{"line":41,"column":8},"end":{"line":41,"column":54}},"11":{"start":{"line":43,"column":8},"end":{"line":43,"column":54}},"12":{"start":{"line":45,"column":8},"end":{"line":51,"column":9}},"13":{"start":{"line":46,"column":12},"end":{"line":46,"column":60}},"14":{"start":{"line":48,"column":12},"end":{"line":48,"column":35}},"15":{"start":{"line":49,"column":12},"end":{"line":49,"column":49}},"16":{"start":{"line":50,"column":12},"end":{"line":50,"column":43}}},"branchMap":{"1":{"line":25,"type":"binary-expr","locations":[{"start":{"line":25,"column":23},"end":{"line":25,"column":62}},{"start":{"line":26,"column":20},"end":{"line":26,"column":70}},{"start":{"line":27,"column":20},"end":{"line":27,"column":71}},{"start":{"line":28,"column":20},"end":{"line":28,"column":29}}]},"2":{"line":30,"type":"binary-expr","locations":[{"start":{"line":30,"column":23},"end":{"line":30,"column":37}},{"start":{"line":31,"column":20},"end":{"line":31,"column":61}},{"start":{"line":32,"column":20},"end":{"line":32,"column":70}},{"start":{"line":33,"column":20},"end":{"line":33,"column":26}}]},"3":{"line":37,"type":"cond-expr","locations":[{"start":{"line":38,"column":14},"end":{"line":38,"column":20}},{"start":{"line":39,"column":14},"end":{"line":39,"column":20}}]},"4":{"line":41,"type":"binary-expr","locations":[{"start":{"line":41,"column":16},"end":{"line":41,"column":44}},{"start":{"line":41,"column":48},"end":{"line":41,"column":53}}]},"5":{"line":45,"type":"if","locations":[{"start":{"line":45,"column":8},"end":{"line":45,"column":8}},{"start":{"line":45,"column":8},"end":{"line":45,"column":8}}]}},"code":["/* istanbul instrument in package npmtest_multiplex */","/*jslint","    bitwise: true,","    browser: true,","    maxerr: 8,","    maxlen: 96,","    node: true,","    nomen: true,","    regexp: true,","    stupid: true","*/","(function () {","    'use strict';","    var local;","","","","    // run shared js-env code - init-before","    (function () {","        // init local","        local = {};","        // init modeJs","        local.modeJs = (function () {","            try {","                return typeof navigator.userAgent === 'string' &&","                    typeof document.querySelector('body') === 'object' &&","                    typeof XMLHttpRequest.prototype.open === 'function' &&","                    'browser';","            } catch (errorCaughtBrowser) {","                return module.exports &&","                    typeof process.versions.node === 'string' &&","                    typeof require('http').createServer === 'function' &&","                    'node';","            }","        }());","        // init global","        local.global = local.modeJs === 'browser'","            ? window","            : global;","        // init utility2_rollup","        local = local.global.utility2_rollup || local;","        // init lib","        local.local = local.npmtest_multiplex = local;","        // init exports","        if (local.modeJs === 'browser') {","            local.global.utility2_npmtest_multiplex = local;","        } else {","            module.exports = local;","            module.exports.__dirname = __dirname;","            module.exports.module = module;","        }","    }());","}());",""],"l":{"12":2,"14":2,"19":2,"21":2,"23":2,"24":2,"25":2,"30":1,"37":2,"41":2,"43":2,"45":2,"46":1,"48":1,"49":1,"50":1}},"/home/travis/build/npmtest/node-npmtest-multiplex/example.js":{"path":"/home/travis/build/npmtest/node-npmtest-multiplex/example.js","s":{"1":2,"2":2,"3":2,"4":2,"5":2,"6":2,"7":2,"8":1,"9":2,"10":2,"11":2,"12":2,"13":1,"14":2,"15":2,"16":2,"17":2,"18":2,"19":0,"20":2,"21":1,"22":1,"23":1,"24":1,"25":1,"26":0,"27":0,"28":1,"29":1,"30":2,"31":0,"32":0,"33":0,"34":1,"35":2,"36":2,"37":3,"38":3,"39":3,"40":3,"41":0,"42":3,"43":3,"44":3,"45":1,"46":3,"47":1,"48":1,"49":1,"50":1,"51":1,"52":1,"53":1,"54":1,"55":1,"56":1,"57":0,"58":1,"59":6,"60":6,"61":1,"62":2,"63":0,"64":2,"65":1,"66":1,"67":0,"68":0,"69":0,"70":0,"71":0,"72":0,"73":0,"74":0,"75":0,"76":0,"77":0,"78":0,"79":0,"80":0,"81":0,"82":0,"83":0},"b":{"1":[2,1,1,1],"2":[1,1,1,1],"3":[1,1],"4":[2,2],"5":[1,1],"6":[1,1],"7":[2,0],"8":[2,1,1,1,1,1],"9":[0,2,0],"10":[1,1],"11":[2,1,1],"12":[1,0],"13":[0,2],"14":[2,0,0,0,0,0,0],"15":[0,3],"16":[3,0],"17":[1,1],"18":[0,1],"19":[1,2,0,2],"20":[1,0],"21":[1,1],"22":[0,0],"23":[0,0],"24":[0,0],"25":[0,0],"26":[0,0],"27":[0,0],"28":[0,0]},"f":{"1":2,"2":2,"3":2,"4":2,"5":2,"6":2,"7":3,"8":3,"9":3,"10":1,"11":6,"12":0},"fnMap":{"1":{"name":"(anonymous_1)","line":26,"loc":{"start":{"line":26,"column":1},"end":{"line":26,"column":13}}},"2":{"name":"(anonymous_2)","line":33,"loc":{"start":{"line":33,"column":5},"end":{"line":33,"column":17}}},"3":{"name":"(anonymous_3)","line":37,"loc":{"start":{"line":37,"column":24},"end":{"line":37,"column":36}}},"4":{"name":"(anonymous_4)","line":69,"loc":{"start":{"line":69,"column":31},"end":{"line":69,"column":48}},"skip":true},"5":{"name":"(anonymous_5)","line":78,"loc":{"start":{"line":78,"column":26},"end":{"line":78,"column":45}},"skip":true},"6":{"name":"(anonymous_6)","line":123,"loc":{"start":{"line":123,"column":33},"end":{"line":123,"column":48}},"skip":true},"7":{"name":"(anonymous_7)","line":125,"loc":{"start":{"line":125,"column":27},"end":{"line":125,"column":39}},"skip":true},"8":{"name":"(anonymous_8)","line":133,"loc":{"start":{"line":133,"column":59},"end":{"line":133,"column":74}},"skip":true},"9":{"name":"(anonymous_9)","line":143,"loc":{"start":{"line":143,"column":45},"end":{"line":143,"column":62}},"skip":true},"10":{"name":"(anonymous_10)","line":144,"loc":{"start":{"line":144,"column":73},"end":{"line":144,"column":92}},"skip":true},"11":{"name":"(anonymous_11)","line":272,"loc":{"start":{"line":272,"column":51},"end":{"line":272,"column":77}},"skip":true},"12":{"name":"(anonymous_12)","line":315,"loc":{"start":{"line":315,"column":32},"end":{"line":315,"column":61}},"skip":true}},"statementMap":{"1":{"start":{"line":26,"column":0},"end":{"line":326,"column":5}},"2":{"start":{"line":28,"column":4},"end":{"line":28,"column":14}},"3":{"start":{"line":33,"column":4},"end":{"line":60,"column":9}},"4":{"start":{"line":35,"column":8},"end":{"line":35,"column":19}},"5":{"start":{"line":37,"column":8},"end":{"line":49,"column":13}},"6":{"start":{"line":38,"column":12},"end":{"line":48,"column":13}},"7":{"start":{"line":39,"column":16},"end":{"line":42,"column":30}},"8":{"start":{"line":44,"column":16},"end":{"line":47,"column":27}},"9":{"start":{"line":51,"column":8},"end":{"line":53,"column":21}},"10":{"start":{"line":55,"column":8},"end":{"line":57,"column":45}},"11":{"start":{"line":59,"column":8},"end":{"line":59,"column":35}},"12":{"start":{"line":61,"column":4},"end":{"line":325,"column":5}},"13":{"start":{"line":69,"column":8},"end":{"line":121,"column":10},"skip":true},"14":{"start":{"line":70,"column":12},"end":{"line":88,"column":13},"skip":true},"15":{"start":{"line":76,"column":16},"end":{"line":87,"column":19},"skip":true},"16":{"start":{"line":79,"column":20},"end":{"line":86,"column":21},"skip":true},"17":{"start":{"line":82,"column":24},"end":{"line":82,"column":43},"skip":true},"18":{"start":{"line":83,"column":24},"end":{"line":83,"column":30},"skip":true},"19":{"start":{"line":85,"column":24},"end":{"line":85,"column":49},"skip":true},"20":{"start":{"line":89,"column":12},"end":{"line":107,"column":13},"skip":true},"21":{"start":{"line":92,"column":16},"end":{"line":102,"column":17},"skip":true},"22":{"start":{"line":93,"column":20},"end":{"line":93,"column":86},"skip":true},"23":{"start":{"line":94,"column":20},"end":{"line":95,"column":45},"skip":true},"24":{"start":{"line":96,"column":20},"end":{"line":96,"column":42},"skip":true},"25":{"start":{"line":97,"column":20},"end":{"line":97,"column":48},"skip":true},"26":{"start":{"line":100,"column":20},"end":{"line":100,"column":85},"skip":true},"27":{"start":{"line":101,"column":20},"end":{"line":101,"column":96},"skip":true},"28":{"start":{"line":103,"column":16},"end":{"line":103,"column":22},"skip":true},"29":{"start":{"line":106,"column":16},"end":{"line":106,"column":22},"skip":true},"30":{"start":{"line":108,"column":12},"end":{"line":120,"column":13},"skip":true},"31":{"start":{"line":114,"column":16},"end":{"line":119,"column":17},"skip":true},"32":{"start":{"line":116,"column":20},"end":{"line":116,"column":78},"skip":true},"33":{"start":{"line":118,"column":20},"end":{"line":118,"column":47},"skip":true},"34":{"start":{"line":123,"column":8},"end":{"line":141,"column":11},"skip":true},"35":{"start":{"line":124,"column":12},"end":{"line":124,"column":54},"skip":true},"36":{"start":{"line":125,"column":12},"end":{"line":140,"column":14},"skip":true},"37":{"start":{"line":126,"column":16},"end":{"line":126,"column":28},"skip":true},"38":{"start":{"line":127,"column":16},"end":{"line":127,"column":69},"skip":true},"39":{"start":{"line":128,"column":16},"end":{"line":128,"column":75},"skip":true},"40":{"start":{"line":129,"column":16},"end":{"line":131,"column":17},"skip":true},"41":{"start":{"line":130,"column":20},"end":{"line":130,"column":27},"skip":true},"42":{"start":{"line":133,"column":16},"end":{"line":137,"column":36},"skip":true},"43":{"start":{"line":134,"column":20},"end":{"line":136,"column":55},"skip":true},"44":{"start":{"line":139,"column":16},"end":{"line":139,"column":57},"skip":true},"45":{"start":{"line":143,"column":8},"end":{"line":147,"column":11},"skip":true},"46":{"start":{"line":144,"column":12},"end":{"line":146,"column":15},"skip":true},"47":{"start":{"line":145,"column":16},"end":{"line":145,"column":70},"skip":true},"48":{"start":{"line":149,"column":8},"end":{"line":149,"column":31},"skip":true},"49":{"start":{"line":150,"column":8},"end":{"line":150,"column":14},"skip":true},"50":{"start":{"line":158,"column":8},"end":{"line":158,"column":31},"skip":true},"51":{"start":{"line":160,"column":8},"end":{"line":160,"column":33},"skip":true},"52":{"start":{"line":161,"column":8},"end":{"line":161,"column":37},"skip":true},"53":{"start":{"line":162,"column":8},"end":{"line":162,"column":35},"skip":true},"54":{"start":{"line":164,"column":8},"end":{"line":164,"column":50},"skip":true},"55":{"start":{"line":166,"column":8},"end":{"line":256,"column":2},"skip":true},"56":{"start":{"line":258,"column":8},"end":{"line":286,"column":9},"skip":true},"57":{"start":{"line":259,"column":12},"end":{"line":269,"column":14},"skip":true},"58":{"start":{"line":271,"column":12},"end":{"line":285,"column":19},"skip":true},"59":{"start":{"line":274,"column":20},"end":{"line":274,"column":35},"skip":true},"60":{"start":{"line":275,"column":20},"end":{"line":284,"column":21},"skip":true},"61":{"start":{"line":277,"column":24},"end":{"line":277,"column":64},"skip":true},"62":{"start":{"line":279,"column":24},"end":{"line":279,"column":40},"skip":true},"63":{"start":{"line":281,"column":24},"end":{"line":281,"column":40},"skip":true},"64":{"start":{"line":283,"column":24},"end":{"line":283,"column":39},"skip":true},"65":{"start":{"line":288,"column":8},"end":{"line":290,"column":9},"skip":true},"66":{"start":{"line":289,"column":12},"end":{"line":289,"column":18},"skip":true},"67":{"start":{"line":291,"column":8},"end":{"line":293,"column":54},"skip":true},"68":{"start":{"line":296,"column":8},"end":{"line":301,"column":37},"skip":true},"69":{"start":{"line":303,"column":8},"end":{"line":303,"column":82},"skip":true},"70":{"start":{"line":306,"column":8},"end":{"line":308,"column":9},"skip":true},"71":{"start":{"line":307,"column":12},"end":{"line":307,"column":82},"skip":true},"72":{"start":{"line":310,"column":8},"end":{"line":312,"column":9},"skip":true},"73":{"start":{"line":311,"column":12},"end":{"line":311,"column":18},"skip":true},"74":{"start":{"line":313,"column":8},"end":{"line":313,"column":54},"skip":true},"75":{"start":{"line":314,"column":8},"end":{"line":314,"column":69},"skip":true},"76":{"start":{"line":315,"column":8},"end":{"line":323,"column":36},"skip":true},"77":{"start":{"line":316,"column":12},"end":{"line":316,"column":61},"skip":true},"78":{"start":{"line":317,"column":12},"end":{"line":320,"column":13},"skip":true},"79":{"start":{"line":318,"column":16},"end":{"line":318,"column":75},"skip":true},"80":{"start":{"line":319,"column":16},"end":{"line":319,"column":23},"skip":true},"81":{"start":{"line":321,"column":12},"end":{"line":321,"column":38},"skip":true},"82":{"start":{"line":322,"column":12},"end":{"line":322,"column":27},"skip":true},"83":{"start":{"line":324,"column":8},"end":{"line":324,"column":14},"skip":true}},"branchMap":{"1":{"line":39,"type":"binary-expr","locations":[{"start":{"line":39,"column":23},"end":{"line":39,"column":62}},{"start":{"line":40,"column":20},"end":{"line":40,"column":70}},{"start":{"line":41,"column":20},"end":{"line":41,"column":71}},{"start":{"line":42,"column":20},"end":{"line":42,"column":29}}]},"2":{"line":44,"type":"binary-expr","locations":[{"start":{"line":44,"column":23},"end":{"line":44,"column":37}},{"start":{"line":45,"column":20},"end":{"line":45,"column":61}},{"start":{"line":46,"column":20},"end":{"line":46,"column":70}},{"start":{"line":47,"column":20},"end":{"line":47,"column":26}}]},"3":{"line":51,"type":"cond-expr","locations":[{"start":{"line":52,"column":14},"end":{"line":52,"column":20}},{"start":{"line":53,"column":14},"end":{"line":53,"column":20}}]},"4":{"line":55,"type":"binary-expr","locations":[{"start":{"line":55,"column":16},"end":{"line":55,"column":44}},{"start":{"line":55,"column":49},"end":{"line":57,"column":43}}]},"5":{"line":55,"type":"cond-expr","locations":[{"start":{"line":56,"column":14},"end":{"line":56,"column":53}},{"start":{"line":57,"column":14},"end":{"line":57,"column":43}}]},"6":{"line":61,"type":"switch","locations":[{"start":{"line":68,"column":4},"end":{"line":150,"column":14},"skip":true},{"start":{"line":156,"column":4},"end":{"line":324,"column":14},"skip":true}]},"7":{"line":70,"type":"if","locations":[{"start":{"line":70,"column":12},"end":{"line":70,"column":12},"skip":true},{"start":{"line":70,"column":12},"end":{"line":70,"column":12},"skip":true}]},"8":{"line":70,"type":"binary-expr","locations":[{"start":{"line":70,"column":16},"end":{"line":70,"column":22},"skip":true},{"start":{"line":70,"column":27},"end":{"line":70,"column":32},"skip":true},{"start":{"line":71,"column":20},"end":{"line":71,"column":39},"skip":true},{"start":{"line":72,"column":20},"end":{"line":72,"column":49},"skip":true},{"start":{"line":73,"column":20},"end":{"line":73,"column":58},"skip":true},{"start":{"line":74,"column":20},"end":{"line":74,"column":69},"skip":true}]},"9":{"line":79,"type":"switch","locations":[{"start":{"line":80,"column":20},"end":{"line":80,"column":33},"skip":true},{"start":{"line":81,"column":20},"end":{"line":83,"column":30},"skip":true},{"start":{"line":84,"column":20},"end":{"line":85,"column":49},"skip":true}]},"10":{"line":89,"type":"switch","locations":[{"start":{"line":90,"column":12},"end":{"line":103,"column":22},"skip":true},{"start":{"line":105,"column":12},"end":{"line":106,"column":22},"skip":true}]},"11":{"line":89,"type":"binary-expr","locations":[{"start":{"line":89,"column":20},"end":{"line":89,"column":25},"skip":true},{"start":{"line":89,"column":29},"end":{"line":89,"column":48},"skip":true},{"start":{"line":89,"column":52},"end":{"line":89,"column":74},"skip":true}]},"12":{"line":92,"type":"if","locations":[{"start":{"line":92,"column":16},"end":{"line":92,"column":16},"skip":true},{"start":{"line":92,"column":16},"end":{"line":92,"column":16},"skip":true}]},"13":{"line":108,"type":"if","locations":[{"start":{"line":108,"column":12},"end":{"line":108,"column":12},"skip":true},{"start":{"line":108,"column":12},"end":{"line":108,"column":12},"skip":true}]},"14":{"line":108,"type":"binary-expr","locations":[{"start":{"line":108,"column":16},"end":{"line":108,"column":61},"skip":true},{"start":{"line":108,"column":66},"end":{"line":108,"column":72},"skip":true},{"start":{"line":108,"column":77},"end":{"line":108,"column":82},"skip":true},{"start":{"line":109,"column":20},"end":{"line":109,"column":39},"skip":true},{"start":{"line":110,"column":20},"end":{"line":110,"column":49},"skip":true},{"start":{"line":111,"column":20},"end":{"line":111,"column":58},"skip":true},{"start":{"line":112,"column":20},"end":{"line":112,"column":68},"skip":true}]},"15":{"line":129,"type":"if","locations":[{"start":{"line":129,"column":16},"end":{"line":129,"column":16},"skip":true},{"start":{"line":129,"column":16},"end":{"line":129,"column":16},"skip":true}]},"16":{"line":134,"type":"cond-expr","locations":[{"start":{"line":135,"column":26},"end":{"line":135,"column":29},"skip":true},{"start":{"line":136,"column":26},"end":{"line":136,"column":54},"skip":true}]},"17":{"line":164,"type":"binary-expr","locations":[{"start":{"line":164,"column":27},"end":{"line":164,"column":43},"skip":true},{"start":{"line":164,"column":47},"end":{"line":164,"column":49},"skip":true}]},"18":{"line":258,"type":"if","locations":[{"start":{"line":258,"column":8},"end":{"line":258,"column":8},"skip":true},{"start":{"line":258,"column":8},"end":{"line":258,"column":8},"skip":true}]},"19":{"line":275,"type":"switch","locations":[{"start":{"line":276,"column":20},"end":{"line":277,"column":64},"skip":true},{"start":{"line":278,"column":20},"end":{"line":279,"column":40},"skip":true},{"start":{"line":280,"column":20},"end":{"line":281,"column":40},"skip":true},{"start":{"line":282,"column":20},"end":{"line":283,"column":39},"skip":true}]},"20":{"line":288,"type":"if","locations":[{"start":{"line":288,"column":8},"end":{"line":288,"column":8},"skip":true},{"start":{"line":288,"column":8},"end":{"line":288,"column":8},"skip":true}]},"21":{"line":288,"type":"binary-expr","locations":[{"start":{"line":288,"column":12},"end":{"line":288,"column":40},"skip":true},{"start":{"line":288,"column":44},"end":{"line":288,"column":67},"skip":true}]},"22":{"line":292,"type":"binary-expr","locations":[{"start":{"line":292,"column":12},"end":{"line":292,"column":50},"skip":true},{"start":{"line":293,"column":12},"end":{"line":293,"column":53},"skip":true}]},"23":{"line":297,"type":"binary-expr","locations":[{"start":{"line":297,"column":12},"end":{"line":297,"column":67},"skip":true},{"start":{"line":298,"column":12},"end":{"line":301,"column":36},"skip":true}]},"24":{"line":303,"type":"binary-expr","locations":[{"start":{"line":303,"column":43},"end":{"line":303,"column":75},"skip":true},{"start":{"line":303,"column":79},"end":{"line":303,"column":81},"skip":true}]},"25":{"line":306,"type":"if","locations":[{"start":{"line":306,"column":8},"end":{"line":306,"column":8},"skip":true},{"start":{"line":306,"column":8},"end":{"line":306,"column":8},"skip":true}]},"26":{"line":310,"type":"if","locations":[{"start":{"line":310,"column":8},"end":{"line":310,"column":8},"skip":true},{"start":{"line":310,"column":8},"end":{"line":310,"column":8},"skip":true}]},"27":{"line":313,"type":"binary-expr","locations":[{"start":{"line":313,"column":27},"end":{"line":313,"column":43},"skip":true},{"start":{"line":313,"column":47},"end":{"line":313,"column":53},"skip":true}]},"28":{"line":317,"type":"if","locations":[{"start":{"line":317,"column":12},"end":{"line":317,"column":12},"skip":true},{"start":{"line":317,"column":12},"end":{"line":317,"column":12},"skip":true}]}},"code":["/*","example.js","","quickstart example","","instruction","    1. save this script as example.js","    2. run the shell command:","        $ npm install npmtest-multiplex && PORT=8081 node example.js","    3. play with the browser-demo on http://127.0.0.1:8081","*/","","","","/* istanbul instrument in package npmtest_multiplex */","/*jslint","    bitwise: true,","    browser: true,","    maxerr: 8,","    maxlen: 96,","    node: true,","    nomen: true,","    regexp: true,","    stupid: true","*/","(function () {","    'use strict';","    var local;","","","","    // run shared js-env code - init-before","    (function () {","        // init local","        local = {};","        // init modeJs","        local.modeJs = (function () {","            try {","                return typeof navigator.userAgent === 'string' &&","                    typeof document.querySelector('body') === 'object' &&","                    typeof XMLHttpRequest.prototype.open === 'function' &&","                    'browser';","            } catch (errorCaughtBrowser) {","                return module.exports &&","                    typeof process.versions.node === 'string' &&","                    typeof require('http').createServer === 'function' &&","                    'node';","            }","        }());","        // init global","        local.global = local.modeJs === 'browser'","            ? window","            : global;","        // init utility2_rollup","        local = local.global.utility2_rollup || (local.modeJs === 'browser'","            ? local.global.utility2_npmtest_multiplex","            : global.utility2_moduleExports);","        // export local","        local.global.local = local;","    }());","    switch (local.modeJs) {","","","","    // init-after","    // run browser js-env code - init-after","    /* istanbul ignore next */","    case 'browser':","        local.testRunBrowser = function (event) {","            if (!event || (event &&","                    event.currentTarget &&","                    event.currentTarget.className &&","                    event.currentTarget.className.includes &&","                    event.currentTarget.className.includes('onreset'))) {","                // reset output","                Array.from(","                    document.querySelectorAll('body > .resettable')","                ).forEach(function (element) {","                    switch (element.tagName) {","                    case 'INPUT':","                    case 'TEXTAREA':","                        element.value = '';","                        break;","                    default:","                        element.textContent = '';","                    }","                });","            }","            switch (event && event.currentTarget && event.currentTarget.id) {","            case 'testRunButton1':","                // show tests","                if (document.querySelector('#testReportDiv1').style.display === 'none') {","                    document.querySelector('#testReportDiv1').style.display = 'block';","                    document.querySelector('#testRunButton1').textContent =","                        'hide internal test';","                    local.modeTest = true;","                    local.testRunDefault(local);","                // hide tests","                } else {","                    document.querySelector('#testReportDiv1').style.display = 'none';","                    document.querySelector('#testRunButton1').textContent = 'run internal test';","                }","                break;","            // custom-case","            default:","                break;","            }","            if (document.querySelector('#inputTextareaEval1') && (!event || (event &&","                    event.currentTarget &&","                    event.currentTarget.className &&","                    event.currentTarget.className.includes &&","                    event.currentTarget.className.includes('oneval')))) {","                // try to eval input-code","                try {","                    /*jslint evil: true*/","                    eval(document.querySelector('#inputTextareaEval1').value);","                } catch (errorCaught) {","                    console.error(errorCaught);","                }","            }","        };","        // log stderr and stdout to #outputTextareaStdout1","        ['error', 'log'].forEach(function (key) {","            console[key + '_original'] = console[key];","            console[key] = function () {","                var element;","                console[key + '_original'].apply(console, arguments);","                element = document.querySelector('#outputTextareaStdout1');","                if (!element) {","                    return;","                }","                // append text to #outputTextareaStdout1","                element.value += Array.from(arguments).map(function (arg) {","                    return typeof arg === 'string'","                        ? arg","                        : JSON.stringify(arg, null, 4);","                }).join(' ') + '\\n';","                // scroll textarea to bottom","                element.scrollTop = element.scrollHeight;","            };","        });","        // init event-handling","        ['change', 'click', 'keyup'].forEach(function (event) {","            Array.from(document.querySelectorAll('.on' + event)).forEach(function (element) {","                element.addEventListener(event, local.testRunBrowser);","            });","        });","        // run tests","        local.testRunBrowser();","        break;","","","","    // run node js-env code - init-after","    /* istanbul ignore next */","    case 'node':","        // export local","        module.exports = local;","        // require modules","        local.fs = require('fs');","        local.http = require('http');","        local.url = require('url');","        // init assets","        local.assetsDict = local.assetsDict || {};","        /* jslint-ignore-begin */","        local.assetsDict['/assets.index.template.html'] = '\\","<!doctype html>\\n\\","<html lang=\"en\">\\n\\","<head>\\n\\","<meta charset=\"UTF-8\">\\n\\","<meta name=\"viewport\" content=\"width=device-width, initial-scale=1\">\\n\\","<title>{{env.npm_package_name}} (v{{env.npm_package_version}})</title>\\n\\","<style>\\n\\","/*csslint\\n\\","    box-sizing: false,\\n\\","    universal-selector: false\\n\\","*/\\n\\","* {\\n\\","    box-sizing: border-box;\\n\\","}\\n\\","body {\\n\\","    background: #dde;\\n\\","    font-family: Arial, Helvetica, sans-serif;\\n\\","    margin: 2rem;\\n\\","}\\n\\","body > * {\\n\\","    margin-bottom: 1rem;\\n\\","}\\n\\",".utility2FooterDiv {\\n\\","    margin-top: 20px;\\n\\","    text-align: center;\\n\\","}\\n\\","</style>\\n\\","<style>\\n\\","/*csslint\\n\\","*/\\n\\","textarea {\\n\\","    font-family: monospace;\\n\\","    height: 10rem;\\n\\","    width: 100%;\\n\\","}\\n\\","textarea[readonly] {\\n\\","    background: #ddd;\\n\\","}\\n\\","</style>\\n\\","</head>\\n\\","<body>\\n\\","<!-- utility2-comment\\n\\","<div id=\"ajaxProgressDiv1\" style=\"background: #d00; height: 2px; left: 0; margin: 0; padding: 0; position: fixed; top: 0; transition: background 0.5s, width 1.5s; width: 25%;\"></div>\\n\\","utility2-comment -->\\n\\","<h1>\\n\\","<!-- utility2-comment\\n\\","    <a\\n\\","        {{#if env.npm_package_homepage}}\\n\\","        href=\"{{env.npm_package_homepage}}\"\\n\\","        {{/if env.npm_package_homepage}}\\n\\","        target=\"_blank\"\\n\\","    >\\n\\","utility2-comment -->\\n\\","        {{env.npm_package_name}} (v{{env.npm_package_version}})\\n\\","<!-- utility2-comment\\n\\","    </a>\\n\\","utility2-comment -->\\n\\","</h1>\\n\\","<h3>{{env.npm_package_description}}</h3>\\n\\","<!-- utility2-comment\\n\\","<h4><a download href=\"assets.app.js\">download standalone app</a></h4>\\n\\","<button class=\"onclick onreset\" id=\"testRunButton1\">run internal test</button><br>\\n\\","<div id=\"testReportDiv1\" style=\"display: none;\"></div>\\n\\","utility2-comment -->\\n\\","\\n\\","\\n\\","\\n\\","<label>stderr and stdout</label>\\n\\","<textarea class=\"resettable\" id=\"outputTextareaStdout1\" readonly></textarea>\\n\\","<!-- utility2-comment\\n\\","{{#if isRollup}}\\n\\","<script src=\"assets.app.js\"></script>\\n\\","{{#unless isRollup}}\\n\\","utility2-comment -->\\n\\","<script src=\"assets.utility2.rollup.js\"></script>\\n\\","<script src=\"jsonp.utility2._stateInit?callback=window.utility2._stateInit\"></script>\\n\\","<script src=\"assets.npmtest_multiplex.rollup.js\"></script>\\n\\","<script src=\"assets.example.js\"></script>\\n\\","<script src=\"assets.test.js\"></script>\\n\\","<!-- utility2-comment\\n\\","{{/if isRollup}}\\n\\","utility2-comment -->\\n\\","<div class=\"utility2FooterDiv\">\\n\\","    [ this app was created with\\n\\","    <a href=\"https://github.com/kaizhu256/node-utility2\" target=\"_blank\">utility2</a>\\n\\","    ]\\n\\","</div>\\n\\","</body>\\n\\","</html>\\n\\","';","        /* jslint-ignore-end */","        if (local.templateRender) {","            local.assetsDict['/'] = local.templateRender(","                local.assetsDict['/assets.index.template.html'],","                {","                    env: local.objectSetDefault(local.env, {","                        npm_package_description: 'the greatest app in the world!',","                        npm_package_name: 'my-app',","                        npm_package_nameAlias: 'my_app',","                        npm_package_version: '0.0.1'","                    })","                }","            );","        } else {","            local.assetsDict['/'] = local.assetsDict['/assets.index.template.html']","                .replace((/\\{\\{env\\.(\\w+?)\\}\\}/g), function (match0, match1) {","                    // jslint-hack","                    String(match0);","                    switch (match1) {","                    case 'npm_package_description':","                        return 'the greatest app in the world!';","                    case 'npm_package_name':","                        return 'my-app';","                    case 'npm_package_nameAlias':","                        return 'my_app';","                    case 'npm_package_version':","                        return '0.0.1';","                    }","                });","        }","        // run the cli","        if (local.global.utility2_rollup || module !== require.main) {","            break;","        }","        local.assetsDict['/assets.example.js'] =","            local.assetsDict['/assets.example.js'] ||","            local.fs.readFileSync(__filename, 'utf8');","        // bug-workaround - long $npm_package_buildCustomOrg","        /* jslint-ignore-begin */","        local.assetsDict['/assets.npmtest_multiplex.rollup.js'] =","            local.assetsDict['/assets.npmtest_multiplex.rollup.js'] ||","            local.fs.readFileSync(","                local.npmtest_multiplex.__dirname + '/lib.npmtest_multiplex.js',","                'utf8'","            ).replace((/^#!/), '//');","        /* jslint-ignore-end */","        local.assetsDict['/favicon.ico'] = local.assetsDict['/favicon.ico'] || '';","        // if $npm_config_timeout_exit exists,","        // then exit this process after $npm_config_timeout_exit ms","        if (Number(process.env.npm_config_timeout_exit)) {","            setTimeout(process.exit, Number(process.env.npm_config_timeout_exit));","        }","        // start server","        if (local.global.utility2_serverHttp1) {","            break;","        }","        process.env.PORT = process.env.PORT || '8081';","        console.error('server starting on port ' + process.env.PORT);","        local.http.createServer(function (request, response) {","            request.urlParsed = local.url.parse(request.url);","            if (local.assetsDict[request.urlParsed.pathname] !== undefined) {","                response.end(local.assetsDict[request.urlParsed.pathname]);","                return;","            }","            response.statusCode = 404;","            response.end();","        }).listen(process.env.PORT);","        break;","    }","}());",""],"l":{"26":2,"28":2,"33":2,"35":2,"37":2,"38":2,"39":2,"44":1,"51":2,"55":2,"59":2,"61":2,"69":1,"70":2,"76":2,"79":2,"82":2,"83":2,"85":1,"89":2,"92":1,"93":1,"94":1,"96":1,"97":1,"100":1,"101":1,"103":1,"106":1,"108":2,"114":1,"116":1,"118":1,"123":1,"124":2,"125":2,"126":3,"127":3,"128":3,"129":3,"130":1,"133":3,"134":3,"139":3,"143":1,"144":3,"145":1,"149":1,"150":1,"158":1,"160":1,"161":1,"162":1,"164":1,"166":1,"258":1,"259":1,"271":1,"274":6,"275":6,"277":1,"279":2,"281":1,"283":2,"288":1,"289":1,"291":1,"296":1,"303":1,"306":1,"307":1,"310":1,"311":1,"313":1,"314":1,"315":1,"316":1,"317":1,"318":1,"319":1,"321":1,"322":1,"324":1}},"/home/travis/build/npmtest/node-npmtest-multiplex/node_modules/multiplex/index.js":{"path":"/home/travis/build/npmtest/node-npmtest-multiplex/node_modules/multiplex/index.js","s":{"1":1,"2":1,"3":1,"4":1,"5":1,"6":1,"7":1,"8":1,"9":1,"10":1,"11":1,"12":1,"13":0,"14":1,"15":1,"16":1,"17":1,"18":1,"19":1,"20":1,"21":1,"22":1,"23":1,"24":1,"25":1,"26":1,"27":1,"28":1,"29":1,"30":0,"31":0,"32":0,"33":0,"34":0,"35":0,"36":0,"37":0,"38":1,"39":0,"40":0,"41":0,"42":0,"43":0,"44":0,"45":0,"46":0,"47":0,"48":0,"49":1,"50":1,"51":0,"52":1,"53":0,"54":0,"55":0,"56":0,"57":0,"58":0,"59":0,"60":0,"61":0,"62":0,"63":0,"64":0,"65":1,"66":0,"67":0,"68":0,"69":0,"70":1,"71":1,"72":0,"73":0,"74":1,"75":0,"76":1,"77":0,"78":1,"79":1,"80":0,"81":1,"82":1,"83":0,"84":0,"85":0,"86":0,"87":1,"88":1,"89":1,"90":0,"91":1,"92":0,"93":1,"94":1,"95":1,"96":1,"97":1,"98":1,"99":1,"100":1,"101":1,"102":1,"103":1,"104":2,"105":1,"106":1,"107":1,"108":1,"109":1,"110":1,"111":1,"112":1,"113":1,"114":1,"115":1,"116":1,"117":1,"118":1,"119":1,"120":1,"121":1,"122":1,"123":1,"124":1,"125":1,"126":1,"127":1,"128":1,"129":1,"130":1,"131":1,"132":1,"133":1,"134":1,"135":1,"136":1,"137":1,"138":1,"139":0,"140":1,"141":1,"142":1,"143":1,"144":1,"145":1,"146":0,"147":0,"148":0,"149":0,"150":0,"151":0,"152":0,"153":0,"154":0,"155":0,"156":0,"157":1,"158":0,"159":1,"160":1,"161":1,"162":0,"163":1,"164":2,"165":2,"166":2,"167":2,"168":2,"169":2,"170":2,"171":2,"172":2,"173":0,"174":0,"175":2,"176":1,"177":2,"178":1,"179":1,"180":0,"181":1,"182":1,"183":0,"184":1,"185":1,"186":1,"187":0,"188":0,"189":0,"190":0,"191":0,"192":0,"193":0,"194":0,"195":0,"196":0,"197":0,"198":0,"199":0,"200":0,"201":0,"202":0,"203":0,"204":0,"205":0,"206":1,"207":0,"208":0,"209":1,"210":0,"211":0,"212":0,"213":0,"214":0,"215":0,"216":0,"217":0,"218":0,"219":0,"220":0,"221":0,"222":0,"223":0,"224":0,"225":0,"226":0,"227":0,"228":0,"229":0,"230":1,"231":0,"232":0,"233":0,"234":0,"235":0,"236":0,"237":0,"238":0,"239":0,"240":0,"241":0,"242":0,"243":0,"244":0,"245":0,"246":0,"247":0,"248":0,"249":0,"250":0,"251":0,"252":0,"253":0,"254":0,"255":0,"256":0,"257":0,"258":0,"259":1,"260":0,"261":0,"262":0,"263":0,"264":0,"265":0,"266":0,"267":1,"268":0,"269":0,"270":0,"271":0,"272":0,"273":0,"274":0,"275":0,"276":0,"277":0,"278":0,"279":0,"280":0,"281":0,"282":0,"283":0,"284":1,"285":0,"286":0,"287":0,"288":0,"289":0,"290":0,"291":1,"292":0,"293":0,"294":1,"295":0,"296":0,"297":1,"298":0,"299":0,"300":0,"301":0,"302":0,"303":0,"304":0,"305":0,"306":0,"307":1,"308":0,"309":0,"310":0,"311":1,"312":0,"313":0,"314":1,"315":0,"316":0,"317":0,"318":0,"319":0,"320":0,"321":0,"322":0,"323":0,"324":0,"325":1,"326":0,"327":1,"328":0,"329":0,"330":0,"331":0,"332":0,"333":0,"334":0,"335":1},"b":{"1":[0,1],"2":[0,0],"3":[0,0],"4":[0,0],"5":[0,0],"6":[0,0],"7":[0,0],"8":[0,0],"9":[0,0],"10":[0,0],"11":[0,0],"12":[0,0],"13":[0,0,0],"14":[0,0],"15":[0,0],"16":[0,0],"17":[0,0],"18":[0,0],"19":[0,0],"20":[0,0],"21":[0,1],"22":[0,1],"23":[0,1],"24":[1,0],"25":[0,1],"26":[0,0],"27":[0,1],"28":[0,1],"29":[1,0],"30":[1,0],"31":[1,1],"32":[1,1],"33":[1,0],"34":[1,0],"35":[1,0],"36":[1,1],"37":[0,1],"38":[0,1],"39":[1,0],"40":[1,1],"41":[0,0],"42":[0,0],"43":[0,0],"44":[0,0],"45":[0,0],"46":[1,0],"47":[0,0],"48":[1,1],"49":[0,2],"50":[1,1],"51":[0,0],"52":[0,0],"53":[0,0],"54":[0,0],"55":[0,0,0],"56":[0,0],"57":[0,0],"58":[0,0],"59":[0,0],"60":[0,0],"61":[0,0],"62":[0,0],"63":[0,0],"64":[0,0],"65":[0,0],"66":[0,0],"67":[0,0],"68":[0,0],"69":[0,0],"70":[0,0],"71":[0,0],"72":[0,0],"73":[0,0,0,0,0,0],"74":[0,0],"75":[0,0],"76":[0,0],"77":[0,0],"78":[0,0],"79":[0,0],"80":[0,0],"81":[0,0],"82":[0,0],"83":[0,0],"84":[0,0],"85":[0,0],"86":[0,0],"87":[0,0],"88":[0,0],"89":[0,0],"90":[0,0],"91":[0,0],"92":[0,0],"93":[0,0],"94":[0,0],"95":[0,0],"96":[0,0],"97":[0,0]},"f":{"1":1,"2":0,"3":0,"4":0,"5":0,"6":0,"7":1,"8":0,"9":1,"10":1,"11":2,"12":1,"13":0,"14":0,"15":1,"16":2,"17":1,"18":0,"19":0,"20":0,"21":0,"22":0,"23":0,"24":0,"25":0,"26":0,"27":0,"28":0,"29":0,"30":0,"31":0,"32":0,"33":0,"34":0,"35":0},"fnMap":{"1":{"name":"(anonymous_1)","line":14,"loc":{"start":{"line":14,"column":14},"end":{"line":14,"column":42}}},"2":{"name":"(anonymous_2)","line":35,"loc":{"start":{"line":35,"column":19},"end":{"line":35,"column":31}}},"3":{"name":"onfinish","line":43,"loc":{"start":{"line":43,"column":22},"end":{"line":43,"column":43}}},"4":{"name":"(anonymous_4)","line":58,"loc":{"start":{"line":58,"column":28},"end":{"line":58,"column":43}}},"5":{"name":"(anonymous_5)","line":62,"loc":{"start":{"line":62,"column":29},"end":{"line":62,"column":51}}},"6":{"name":"(anonymous_6)","line":76,"loc":{"start":{"line":76,"column":30},"end":{"line":76,"column":42}}},"7":{"name":"(anonymous_7)","line":82,"loc":{"start":{"line":82,"column":27},"end":{"line":82,"column":52}}},"8":{"name":"(anonymous_8)","line":96,"loc":{"start":{"line":96,"column":26},"end":{"line":96,"column":38}}},"9":{"name":"(anonymous_9)","line":104,"loc":{"start":{"line":104,"column":26},"end":{"line":104,"column":38}}},"10":{"name":"(anonymous_10)","line":112,"loc":{"start":{"line":112,"column":25},"end":{"line":112,"column":55}}},"11":{"name":"(anonymous_11)","line":121,"loc":{"start":{"line":121,"column":16},"end":{"line":121,"column":43}}},"12":{"name":"(anonymous_12)","line":160,"loc":{"start":{"line":160,"column":35},"end":{"line":160,"column":57}}},"13":{"name":"(anonymous_13)","line":168,"loc":{"start":{"line":168,"column":36},"end":{"line":168,"column":58}}},"14":{"name":"(anonymous_14)","line":178,"loc":{"start":{"line":178,"column":41},"end":{"line":178,"column":63}}},"15":{"name":"(anonymous_15)","line":182,"loc":{"start":{"line":182,"column":28},"end":{"line":182,"column":44}}},"16":{"name":"(anonymous_16)","line":187,"loc":{"start":{"line":187,"column":28},"end":{"line":187,"column":52}}},"17":{"name":"(anonymous_17)","line":208,"loc":{"start":{"line":208,"column":34},"end":{"line":208,"column":63}}},"18":{"name":"(anonymous_18)","line":211,"loc":{"start":{"line":211,"column":25},"end":{"line":211,"column":37}}},"19":{"name":"(anonymous_19)","line":220,"loc":{"start":{"line":220,"column":35},"end":{"line":220,"column":59}}},"20":{"name":"(anonymous_20)","line":244,"loc":{"start":{"line":244,"column":35},"end":{"line":244,"column":51}}},"21":{"name":"(anonymous_21)","line":249,"loc":{"start":{"line":249,"column":36},"end":{"line":249,"column":60}}},"22":{"name":"(anonymous_22)","line":281,"loc":{"start":{"line":281,"column":28},"end":{"line":281,"column":44}}},"23":{"name":"(anonymous_23)","line":329,"loc":{"start":{"line":329,"column":38},"end":{"line":329,"column":57}}},"24":{"name":"(anonymous_24)","line":337,"loc":{"start":{"line":337,"column":29},"end":{"line":337,"column":54}}},"25":{"name":"(anonymous_25)","line":354,"loc":{"start":{"line":354,"column":30},"end":{"line":354,"column":44}}},"26":{"name":"(anonymous_26)","line":356,"loc":{"start":{"line":356,"column":17},"end":{"line":356,"column":29}}},"27":{"name":"(anonymous_27)","line":363,"loc":{"start":{"line":363,"column":27},"end":{"line":363,"column":39}}},"28":{"name":"(anonymous_28)","line":367,"loc":{"start":{"line":367,"column":29},"end":{"line":367,"column":41}}},"29":{"name":"(anonymous_29)","line":371,"loc":{"start":{"line":371,"column":26},"end":{"line":371,"column":51}}},"30":{"name":"(anonymous_30)","line":379,"loc":{"start":{"line":379,"column":32},"end":{"line":379,"column":46}}},"31":{"name":"(anonymous_31)","line":384,"loc":{"start":{"line":384,"column":28},"end":{"line":384,"column":40}}},"32":{"name":"(anonymous_32)","line":388,"loc":{"start":{"line":388,"column":29},"end":{"line":388,"column":41}}},"33":{"name":"(anonymous_33)","line":397,"loc":{"start":{"line":397,"column":15},"end":{"line":397,"column":33}}},"34":{"name":"(anonymous_34)","line":404,"loc":{"start":{"line":404,"column":31},"end":{"line":404,"column":43}}},"35":{"name":"(anonymous_35)","line":408,"loc":{"start":{"line":408,"column":30},"end":{"line":408,"column":45}}}},"statementMap":{"1":{"start":{"line":1,"column":0},"end":{"line":1,"column":39}},"2":{"start":{"line":2,"column":0},"end":{"line":2,"column":30}},"3":{"start":{"line":3,"column":0},"end":{"line":3,"column":49}},"4":{"start":{"line":4,"column":0},"end":{"line":4,"column":28}},"5":{"start":{"line":5,"column":0},"end":{"line":5,"column":34}},"6":{"start":{"line":6,"column":0},"end":{"line":6,"column":36}},"7":{"start":{"line":8,"column":0},"end":{"line":8,"column":34}},"8":{"start":{"line":10,"column":0},"end":{"line":10,"column":25}},"9":{"start":{"line":11,"column":0},"end":{"line":11,"column":32}},"10":{"start":{"line":12,"column":0},"end":{"line":12,"column":12}},"11":{"start":{"line":14,"column":0},"end":{"line":54,"column":1}},"12":{"start":{"line":15,"column":2},"end":{"line":15,"column":22}},"13":{"start":{"line":15,"column":13},"end":{"line":15,"column":22}},"14":{"start":{"line":16,"column":2},"end":{"line":16,"column":26}},"15":{"start":{"line":18,"column":2},"end":{"line":18,"column":18}},"16":{"start":{"line":19,"column":2},"end":{"line":19,"column":18}},"17":{"start":{"line":20,"column":2},"end":{"line":20,"column":24}},"18":{"start":{"line":21,"column":2},"end":{"line":21,"column":31}},"19":{"start":{"line":22,"column":2},"end":{"line":22,"column":33}},"20":{"start":{"line":23,"column":2},"end":{"line":23,"column":24}},"21":{"start":{"line":24,"column":2},"end":{"line":24,"column":24}},"22":{"start":{"line":26,"column":2},"end":{"line":26,"column":24}},"23":{"start":{"line":27,"column":2},"end":{"line":27,"column":22}},"24":{"start":{"line":28,"column":2},"end":{"line":28,"column":22}},"25":{"start":{"line":29,"column":2},"end":{"line":29,"column":22}},"26":{"start":{"line":30,"column":2},"end":{"line":30,"column":26}},"27":{"start":{"line":32,"column":2},"end":{"line":32,"column":22}},"28":{"start":{"line":33,"column":2},"end":{"line":33,"column":19}},"29":{"start":{"line":35,"column":2},"end":{"line":41,"column":4}},"30":{"start":{"line":36,"column":4},"end":{"line":36,"column":16}},"31":{"start":{"line":37,"column":4},"end":{"line":37,"column":30}},"32":{"start":{"line":37,"column":24},"end":{"line":37,"column":30}},"33":{"start":{"line":38,"column":4},"end":{"line":38,"column":16}},"34":{"start":{"line":39,"column":4},"end":{"line":40,"column":39}},"35":{"start":{"line":39,"column":18},"end":{"line":39,"column":34}},"36":{"start":{"line":40,"column":9},"end":{"line":40,"column":39}},"37":{"start":{"line":40,"column":29},"end":{"line":40,"column":39}},"38":{"start":{"line":43,"column":2},"end":{"line":53,"column":4}},"39":{"start":{"line":44,"column":4},"end":{"line":44,"column":30}},"40":{"start":{"line":44,"column":24},"end":{"line":44,"column":30}},"41":{"start":{"line":45,"column":4},"end":{"line":52,"column":5}},"42":{"start":{"line":46,"column":6},"end":{"line":46,"column":33}},"43":{"start":{"line":48,"column":6},"end":{"line":48,"column":52}},"44":{"start":{"line":48,"column":40},"end":{"line":48,"column":52}},"45":{"start":{"line":49,"column":6},"end":{"line":49,"column":79}},"46":{"start":{"line":50,"column":6},"end":{"line":50,"column":21}},"47":{"start":{"line":51,"column":6},"end":{"line":51,"column":33}},"48":{"start":{"line":51,"column":17},"end":{"line":51,"column":33}},"49":{"start":{"line":56,"column":0},"end":{"line":56,"column":32}},"50":{"start":{"line":58,"column":0},"end":{"line":60,"column":1}},"51":{"start":{"line":59,"column":2},"end":{"line":59,"column":26}},"52":{"start":{"line":62,"column":0},"end":{"line":74,"column":1}},"53":{"start":{"line":63,"column":2},"end":{"line":63,"column":28}},"54":{"start":{"line":63,"column":22},"end":{"line":63,"column":28}},"55":{"start":{"line":64,"column":2},"end":{"line":64,"column":23}},"56":{"start":{"line":65,"column":2},"end":{"line":65,"column":91}},"57":{"start":{"line":65,"column":68},"end":{"line":65,"column":91}},"58":{"start":{"line":66,"column":2},"end":{"line":66,"column":20}},"59":{"start":{"line":67,"column":2},"end":{"line":72,"column":3}},"60":{"start":{"line":68,"column":4},"end":{"line":68,"column":50}},"61":{"start":{"line":68,"column":38},"end":{"line":68,"column":50}},"62":{"start":{"line":69,"column":4},"end":{"line":71,"column":18}},"63":{"start":{"line":70,"column":6},"end":{"line":70,"column":111}},"64":{"start":{"line":73,"column":2},"end":{"line":73,"column":18}},"65":{"start":{"line":76,"column":0},"end":{"line":80,"column":1}},"66":{"start":{"line":77,"column":2},"end":{"line":77,"column":28}},"67":{"start":{"line":77,"column":22},"end":{"line":77,"column":28}},"68":{"start":{"line":78,"column":2},"end":{"line":78,"column":23}},"69":{"start":{"line":79,"column":2},"end":{"line":79,"column":23}},"70":{"start":{"line":82,"column":0},"end":{"line":94,"column":1}},"71":{"start":{"line":83,"column":2},"end":{"line":86,"column":3}},"72":{"start":{"line":84,"column":4},"end":{"line":84,"column":60}},"73":{"start":{"line":85,"column":4},"end":{"line":85,"column":10}},"74":{"start":{"line":87,"column":2},"end":{"line":87,"column":33}},"75":{"start":{"line":87,"column":22},"end":{"line":87,"column":33}},"76":{"start":{"line":89,"column":2},"end":{"line":89,"column":48}},"77":{"start":{"line":89,"column":36},"end":{"line":89,"column":48}},"78":{"start":{"line":91,"column":2},"end":{"line":91,"column":61}},"79":{"start":{"line":92,"column":2},"end":{"line":93,"column":40}},"80":{"start":{"line":92,"column":15},"end":{"line":92,"column":19}},"81":{"start":{"line":93,"column":7},"end":{"line":93,"column":40}},"82":{"start":{"line":96,"column":0},"end":{"line":102,"column":1}},"83":{"start":{"line":97,"column":2},"end":{"line":101,"column":3}},"84":{"start":{"line":98,"column":4},"end":{"line":98,"column":34}},"85":{"start":{"line":99,"column":4},"end":{"line":99,"column":24}},"86":{"start":{"line":100,"column":4},"end":{"line":100,"column":44}},"87":{"start":{"line":104,"column":0},"end":{"line":110,"column":1}},"88":{"start":{"line":105,"column":2},"end":{"line":105,"column":16}},"89":{"start":{"line":106,"column":2},"end":{"line":107,"column":77}},"90":{"start":{"line":106,"column":34},"end":{"line":106,"column":49}},"91":{"start":{"line":107,"column":7},"end":{"line":107,"column":77}},"92":{"start":{"line":107,"column":50},"end":{"line":107,"column":77}},"93":{"start":{"line":108,"column":2},"end":{"line":108,"column":20}},"94":{"start":{"line":109,"column":2},"end":{"line":109,"column":51}},"95":{"start":{"line":112,"column":0},"end":{"line":119,"column":1}},"96":{"start":{"line":113,"column":2},"end":{"line":113,"column":24}},"97":{"start":{"line":114,"column":2},"end":{"line":114,"column":28}},"98":{"start":{"line":115,"column":2},"end":{"line":115,"column":55}},"99":{"start":{"line":116,"column":2},"end":{"line":116,"column":21}},"100":{"start":{"line":117,"column":2},"end":{"line":117,"column":49}},"101":{"start":{"line":117,"column":37},"end":{"line":117,"column":49}},"102":{"start":{"line":118,"column":2},"end":{"line":118,"column":19}},"103":{"start":{"line":121,"column":0},"end":{"line":156,"column":1}},"104":{"start":{"line":122,"column":2},"end":{"line":122,"column":73}},"105":{"start":{"line":122,"column":36},"end":{"line":122,"column":73}},"106":{"start":{"line":123,"column":2},"end":{"line":123,"column":26}},"107":{"start":{"line":125,"column":2},"end":{"line":128,"column":3}},"108":{"start":{"line":126,"column":4},"end":{"line":126,"column":20}},"109":{"start":{"line":127,"column":4},"end":{"line":127,"column":15}},"110":{"start":{"line":129,"column":2},"end":{"line":129,"column":22}},"111":{"start":{"line":129,"column":13},"end":{"line":129,"column":22}},"112":{"start":{"line":130,"column":2},"end":{"line":130,"column":45}},"113":{"start":{"line":130,"column":17},"end":{"line":130,"column":45}},"114":{"start":{"line":132,"column":2},"end":{"line":132,"column":24}},"115":{"start":{"line":133,"column":2},"end":{"line":133,"column":30}},"116":{"start":{"line":135,"column":2},"end":{"line":135,"column":18}},"117":{"start":{"line":136,"column":2},"end":{"line":136,"column":22}},"118":{"start":{"line":137,"column":2},"end":{"line":137,"column":38}},"119":{"start":{"line":138,"column":2},"end":{"line":138,"column":18}},"120":{"start":{"line":139,"column":2},"end":{"line":139,"column":19}},"121":{"start":{"line":140,"column":2},"end":{"line":140,"column":26}},"122":{"start":{"line":141,"column":2},"end":{"line":141,"column":24}},"123":{"start":{"line":142,"column":2},"end":{"line":142,"column":23}},"124":{"start":{"line":143,"column":2},"end":{"line":143,"column":17}},"125":{"start":{"line":144,"column":2},"end":{"line":144,"column":16}},"126":{"start":{"line":145,"column":2},"end":{"line":145,"column":19}},"127":{"start":{"line":146,"column":2},"end":{"line":146,"column":19}},"128":{"start":{"line":147,"column":2},"end":{"line":147,"column":22}},"129":{"start":{"line":148,"column":2},"end":{"line":148,"column":78}},"130":{"start":{"line":149,"column":2},"end":{"line":149,"column":15}},"131":{"start":{"line":150,"column":2},"end":{"line":150,"column":30}},"132":{"start":{"line":151,"column":2},"end":{"line":151,"column":27}},"133":{"start":{"line":152,"column":2},"end":{"line":152,"column":20}},"134":{"start":{"line":153,"column":2},"end":{"line":153,"column":24}},"135":{"start":{"line":155,"column":2},"end":{"line":155,"column":32}},"136":{"start":{"line":158,"column":0},"end":{"line":158,"column":34}},"137":{"start":{"line":160,"column":0},"end":{"line":166,"column":1}},"138":{"start":{"line":161,"column":2},"end":{"line":161,"column":65}},"139":{"start":{"line":161,"column":22},"end":{"line":161,"column":65}},"140":{"start":{"line":162,"column":2},"end":{"line":162,"column":36}},"141":{"start":{"line":163,"column":2},"end":{"line":163,"column":48}},"142":{"start":{"line":163,"column":17},"end":{"line":163,"column":48}},"143":{"start":{"line":164,"column":2},"end":{"line":164,"column":96}},"144":{"start":{"line":165,"column":2},"end":{"line":165,"column":51}},"145":{"start":{"line":168,"column":0},"end":{"line":176,"column":1}},"146":{"start":{"line":169,"column":2},"end":{"line":169,"column":65}},"147":{"start":{"line":169,"column":22},"end":{"line":169,"column":65}},"148":{"start":{"line":170,"column":2},"end":{"line":170,"column":100}},"149":{"start":{"line":170,"column":43},"end":{"line":170,"column":100}},"150":{"start":{"line":171,"column":2},"end":{"line":171,"column":79}},"151":{"start":{"line":172,"column":2},"end":{"line":172,"column":44}},"152":{"start":{"line":172,"column":24},"end":{"line":172,"column":44}},"153":{"start":{"line":173,"column":2},"end":{"line":173,"column":93}},"154":{"start":{"line":173,"column":37},"end":{"line":173,"column":93}},"155":{"start":{"line":174,"column":2},"end":{"line":174,"column":41}},"156":{"start":{"line":175,"column":2},"end":{"line":175,"column":16}},"157":{"start":{"line":178,"column":0},"end":{"line":180,"column":1}},"158":{"start":{"line":179,"column":2},"end":{"line":179,"column":102}},"159":{"start":{"line":182,"column":0},"end":{"line":185,"column":1}},"160":{"start":{"line":183,"column":2},"end":{"line":183,"column":47}},"161":{"start":{"line":183,"column":25},"end":{"line":183,"column":47}},"162":{"start":{"line":184,"column":2},"end":{"line":184,"column":56}},"163":{"start":{"line":187,"column":0},"end":{"line":206,"column":1}},"164":{"start":{"line":188,"column":2},"end":{"line":188,"column":34}},"165":{"start":{"line":189,"column":2},"end":{"line":189,"column":20}},"166":{"start":{"line":190,"column":2},"end":{"line":190,"column":20}},"167":{"start":{"line":192,"column":2},"end":{"line":192,"column":35}},"168":{"start":{"line":193,"column":2},"end":{"line":193,"column":29}},"169":{"start":{"line":194,"column":2},"end":{"line":194,"column":32}},"170":{"start":{"line":195,"column":2},"end":{"line":195,"column":29}},"171":{"start":{"line":197,"column":2},"end":{"line":197,"column":48}},"172":{"start":{"line":199,"column":2},"end":{"line":202,"column":3}},"173":{"start":{"line":200,"column":4},"end":{"line":200,"column":32}},"174":{"start":{"line":201,"column":4},"end":{"line":201,"column":12}},"175":{"start":{"line":204,"column":2},"end":{"line":204,"column":37}},"176":{"start":{"line":204,"column":12},"end":{"line":204,"column":37}},"177":{"start":{"line":205,"column":2},"end":{"line":205,"column":16}},"178":{"start":{"line":208,"column":0},"end":{"line":218,"column":1}},"179":{"start":{"line":209,"column":2},"end":{"line":209,"column":43}},"180":{"start":{"line":209,"column":28},"end":{"line":209,"column":43}},"181":{"start":{"line":210,"column":2},"end":{"line":210,"column":20}},"182":{"start":{"line":211,"column":2},"end":{"line":213,"column":4}},"183":{"start":{"line":212,"column":4},"end":{"line":212,"column":19}},"184":{"start":{"line":215,"column":2},"end":{"line":215,"column":40}},"185":{"start":{"line":217,"column":2},"end":{"line":217,"column":16}},"186":{"start":{"line":220,"column":0},"end":{"line":242,"column":1}},"187":{"start":{"line":221,"column":2},"end":{"line":240,"column":3}},"188":{"start":{"line":222,"column":4},"end":{"line":222,"column":70}},"189":{"start":{"line":222,"column":40},"end":{"line":222,"column":70}},"190":{"start":{"line":223,"column":4},"end":{"line":223,"column":41}},"191":{"start":{"line":224,"column":4},"end":{"line":239,"column":5}},"192":{"start":{"line":225,"column":6},"end":{"line":235,"column":7}},"193":{"start":{"line":226,"column":8},"end":{"line":226,"column":45}},"194":{"start":{"line":227,"column":8},"end":{"line":227,"column":31}},"195":{"start":{"line":228,"column":8},"end":{"line":228,"column":35}},"196":{"start":{"line":229,"column":8},"end":{"line":229,"column":64}},"197":{"start":{"line":230,"column":8},"end":{"line":230,"column":121}},"198":{"start":{"line":231,"column":8},"end":{"line":231,"column":75}},"199":{"start":{"line":233,"column":8},"end":{"line":233,"column":48}},"200":{"start":{"line":234,"column":8},"end":{"line":234,"column":84}},"201":{"start":{"line":234,"column":54},"end":{"line":234,"column":84}},"202":{"start":{"line":236,"column":6},"end":{"line":236,"column":19}},"203":{"start":{"line":237,"column":6},"end":{"line":237,"column":19}},"204":{"start":{"line":238,"column":6},"end":{"line":238,"column":23}},"205":{"start":{"line":241,"column":2},"end":{"line":241,"column":20}},"206":{"start":{"line":244,"column":0},"end":{"line":247,"column":1}},"207":{"start":{"line":245,"column":2},"end":{"line":245,"column":56}},"208":{"start":{"line":246,"column":2},"end":{"line":246,"column":20}},"209":{"start":{"line":249,"column":0},"end":{"line":279,"column":1}},"210":{"start":{"line":250,"column":2},"end":{"line":250,"column":33}},"211":{"start":{"line":251,"column":2},"end":{"line":251,"column":29}},"212":{"start":{"line":253,"column":2},"end":{"line":265,"column":3}},"213":{"start":{"line":254,"column":4},"end":{"line":258,"column":5}},"214":{"start":{"line":255,"column":6},"end":{"line":255,"column":23}},"215":{"start":{"line":256,"column":6},"end":{"line":256,"column":54}},"216":{"start":{"line":257,"column":6},"end":{"line":257,"column":29}},"217":{"start":{"line":259,"column":4},"end":{"line":263,"column":5}},"218":{"start":{"line":260,"column":6},"end":{"line":260,"column":27}},"219":{"start":{"line":261,"column":6},"end":{"line":261,"column":49}},"220":{"start":{"line":262,"column":6},"end":{"line":262,"column":24}},"221":{"start":{"line":264,"column":4},"end":{"line":264,"column":39}},"222":{"start":{"line":267,"column":2},"end":{"line":267,"column":63}},"223":{"start":{"line":269,"column":2},"end":{"line":273,"column":3}},"224":{"start":{"line":270,"column":4},"end":{"line":270,"column":21}},"225":{"start":{"line":271,"column":4},"end":{"line":271,"column":29}},"226":{"start":{"line":272,"column":4},"end":{"line":272,"column":27}},"227":{"start":{"line":275,"column":2},"end":{"line":275,"column":23}},"228":{"start":{"line":276,"column":2},"end":{"line":276,"column":19}},"229":{"start":{"line":278,"column":2},"end":{"line":278,"column":20}},"230":{"start":{"line":281,"column":0},"end":{"line":327,"column":1}},"231":{"start":{"line":282,"column":2},"end":{"line":286,"column":3}},"232":{"start":{"line":283,"column":4},"end":{"line":283,"column":17}},"233":{"start":{"line":284,"column":4},"end":{"line":284,"column":19}},"234":{"start":{"line":285,"column":4},"end":{"line":285,"column":24}},"235":{"start":{"line":288,"column":2},"end":{"line":303,"column":3}},"236":{"start":{"line":289,"column":4},"end":{"line":289,"column":48}},"237":{"start":{"line":289,"column":42},"end":{"line":289,"column":48}},"238":{"start":{"line":291,"column":4},"end":{"line":291,"column":86}},"239":{"start":{"line":292,"column":4},"end":{"line":292,"column":15}},"240":{"start":{"line":294,"column":4},"end":{"line":301,"column":5}},"241":{"start":{"line":295,"column":6},"end":{"line":295,"column":37}},"242":{"start":{"line":296,"column":6},"end":{"line":296,"column":34}},"243":{"start":{"line":297,"column":6},"end":{"line":297,"column":58}},"244":{"start":{"line":299,"column":6},"end":{"line":299,"column":54}},"245":{"start":{"line":300,"column":6},"end":{"line":300,"column":93}},"246":{"start":{"line":302,"column":4},"end":{"line":302,"column":10}},"247":{"start":{"line":305,"column":2},"end":{"line":305,"column":40}},"248":{"start":{"line":306,"column":2},"end":{"line":306,"column":21}},"249":{"start":{"line":306,"column":15},"end":{"line":306,"column":21}},"250":{"start":{"line":308,"column":2},"end":{"line":326,"column":3}},"251":{"start":{"line":311,"column":4},"end":{"line":311,"column":77}},"252":{"start":{"line":312,"column":4},"end":{"line":312,"column":10}},"253":{"start":{"line":316,"column":4},"end":{"line":316,"column":21}},"254":{"start":{"line":317,"column":4},"end":{"line":317,"column":10}},"255":{"start":{"line":321,"column":4},"end":{"line":324,"column":5}},"256":{"start":{"line":322,"column":6},"end":{"line":322,"column":32}},"257":{"start":{"line":323,"column":6},"end":{"line":323,"column":26}},"258":{"start":{"line":325,"column":4},"end":{"line":325,"column":10}},"259":{"start":{"line":329,"column":0},"end":{"line":335,"column":1}},"260":{"start":{"line":330,"column":2},"end":{"line":330,"column":37}},"261":{"start":{"line":331,"column":2},"end":{"line":331,"column":38}},"262":{"start":{"line":331,"column":32},"end":{"line":331,"column":38}},"263":{"start":{"line":332,"column":2},"end":{"line":332,"column":34}},"264":{"start":{"line":333,"column":2},"end":{"line":333,"column":27}},"265":{"start":{"line":334,"column":2},"end":{"line":334,"column":24}},"266":{"start":{"line":334,"column":15},"end":{"line":334,"column":24}},"267":{"start":{"line":337,"column":0},"end":{"line":352,"column":1}},"268":{"start":{"line":338,"column":2},"end":{"line":338,"column":33}},"269":{"start":{"line":338,"column":22},"end":{"line":338,"column":33}},"270":{"start":{"line":339,"column":2},"end":{"line":339,"column":80}},"271":{"start":{"line":339,"column":20},"end":{"line":339,"column":80}},"272":{"start":{"line":340,"column":2},"end":{"line":340,"column":52}},"273":{"start":{"line":340,"column":29},"end":{"line":340,"column":52}},"274":{"start":{"line":342,"column":2},"end":{"line":342,"column":16}},"275":{"start":{"line":344,"column":2},"end":{"line":347,"column":3}},"276":{"start":{"line":345,"column":4},"end":{"line":346,"column":49}},"277":{"start":{"line":345,"column":27},"end":{"line":345,"column":68}},"278":{"start":{"line":346,"column":9},"end":{"line":346,"column":49}},"279":{"start":{"line":348,"column":2},"end":{"line":348,"column":60}},"280":{"start":{"line":348,"column":43},"end":{"line":348,"column":60}},"281":{"start":{"line":350,"column":2},"end":{"line":351,"column":11}},"282":{"start":{"line":350,"column":32},"end":{"line":350,"column":55}},"283":{"start":{"line":351,"column":7},"end":{"line":351,"column":11}},"284":{"start":{"line":354,"column":0},"end":{"line":361,"column":1}},"285":{"start":{"line":355,"column":2},"end":{"line":355,"column":17}},"286":{"start":{"line":356,"column":2},"end":{"line":360,"column":4}},"287":{"start":{"line":357,"column":4},"end":{"line":357,"column":89}},"288":{"start":{"line":357,"column":51},"end":{"line":357,"column":89}},"289":{"start":{"line":358,"column":4},"end":{"line":358,"column":26}},"290":{"start":{"line":359,"column":4},"end":{"line":359,"column":22}},"291":{"start":{"line":363,"column":0},"end":{"line":365,"column":1}},"292":{"start":{"line":364,"column":2},"end":{"line":364,"column":45}},"293":{"start":{"line":364,"column":28},"end":{"line":364,"column":45}},"294":{"start":{"line":367,"column":0},"end":{"line":369,"column":1}},"295":{"start":{"line":368,"column":2},"end":{"line":368,"column":63}},"296":{"start":{"line":368,"column":44},"end":{"line":368,"column":63}},"297":{"start":{"line":371,"column":0},"end":{"line":377,"column":1}},"298":{"start":{"line":372,"column":2},"end":{"line":372,"column":67}},"299":{"start":{"line":372,"column":34},"end":{"line":372,"column":67}},"300":{"start":{"line":373,"column":2},"end":{"line":373,"column":65}},"301":{"start":{"line":373,"column":33},"end":{"line":373,"column":65}},"302":{"start":{"line":374,"column":2},"end":{"line":374,"column":28}},"303":{"start":{"line":374,"column":12},"end":{"line":374,"column":28}},"304":{"start":{"line":375,"column":2},"end":{"line":375,"column":59}},"305":{"start":{"line":375,"column":35},"end":{"line":375,"column":59}},"306":{"start":{"line":376,"column":2},"end":{"line":376,"column":53}},"307":{"start":{"line":379,"column":0},"end":{"line":382,"column":1}},"308":{"start":{"line":380,"column":2},"end":{"line":381,"column":11}},"309":{"start":{"line":380,"column":20},"end":{"line":380,"column":43}},"310":{"start":{"line":381,"column":7},"end":{"line":381,"column":11}},"311":{"start":{"line":384,"column":0},"end":{"line":386,"column":1}},"312":{"start":{"line":385,"column":2},"end":{"line":385,"column":54}},"313":{"start":{"line":385,"column":31},"end
[...]
,"end":{"line":340,"column":2}},{"start":{"line":340,"column":2},"end":{"line":340,"column":2}}]},"81":{"line":345,"type":"if","locations":[{"start":{"line":345,"column":4},"end":{"line":345,"column":4}},{"start":{"line":345,"column":4},"end":{"line":345,"column":4}}]},"82":{"line":348,"type":"if","locations":[{"start":{"line":348,"column":2},"end":{"line":348,"column":2}},{"start":{"line":348,"column":2},"end":{"line":348,"column":2}}]},"83":{"line":348,"type":"binary-expr","locations":[{"start":{"line":348,"column":6},"end":{"line":348,"column":23}},{"start":{"line":348,"column":27},"end":{"line":348,"column":41}}]},"84":{"line":350,"type":"if","locations":[{"start":{"line":350,"column":2},"end":{"line":350,"column":2}},{"start":{"line":350,"column":2},"end":{"line":350,"column":2}}]},"85":{"line":357,"type":"if","locations":[{"start":{"line":357,"column":4},"end":{"line":357,"column":4}},{"start":{"line":357,"column":4},"end":{"line":357,"column":4}}]},"86":{"line":364,"type":"if","locations":[{"start":{"line":364,"column":2},"end":{"line":364,"column":2}},{"start":{"line":364,"column":2},"end":{"line":364,"column":2}}]},"87":{"line":368,"type":"if","locations":[{"start":{"line":368,"column":2},"end":{"line":368,"column":2}},{"start":{"line":368,"column":2},"end":{"line":368,"column":2}}]},"88":{"line":368,"type":"binary-expr","locations":[{"start":{"line":368,"column":6},"end":{"line":368,"column":18}},{"start":{"line":368,"column":22},"end":{"line":368,"column":42}}]},"89":{"line":372,"type":"if","locations":[{"start":{"line":372,"column":2},"end":{"line":372,"column":2}},{"start":{"line":372,"column":2},"end":{"line":372,"column":2}}]},"90":{"line":373,"type":"if","locations":[{"start":{"line":373,"column":2},"end":{"line":373,"column":2}},{"start":{"line":373,"column":2},"end":{"line":373,"column":2}}]},"91":{"line":374,"type":"if","locations":[{"start":{"line":374,"column":2},"end":{"line":374,"column":2}},{"start":{"line":374,"column":2},"end":{"line":374,"column":2}}]},"92":{"line":375,"type":"if","locations":[{"start":{"line":375,"column":2},"end":{"line":375,"column":2}},{"start":{"line":375,"column":2},"end":{"line":375,"column":2}}]},"93":{"line":380,"type":"if","locations":[{"start":{"line":380,"column":2},"end":{"line":380,"column":2}},{"start":{"line":380,"column":2},"end":{"line":380,"column":2}}]},"94":{"line":389,"type":"if","locations":[{"start":{"line":389,"column":2},"end":{"line":389,"column":2}},{"start":{"line":389,"column":2},"end":{"line":389,"column":2}}]},"95":{"line":398,"type":"if","locations":[{"start":{"line":398,"column":4},"end":{"line":398,"column":4}},{"start":{"line":398,"column":4},"end":{"line":398,"column":4}}]},"96":{"line":409,"type":"if","locations":[{"start":{"line":409,"column":2},"end":{"line":409,"column":2}},{"start":{"line":409,"column":2},"end":{"line":409,"column":2}}]},"97":{"line":412,"type":"if","locations":[{"start":{"line":412,"column":2},"end":{"line":412,"column":2}},{"start":{"line":412,"column":2},"end":{"line":412,"column":2}}]}},"code":["var stream = require('readable-stream')","var varint = require('varint')","var EventEmitter = require('events').EventEmitter","var xtend = require('xtend')","var inherits = require('inherits')","var duplexify = require('duplexify')","","var SIGNAL_FLUSH = new Buffer([0])","","var empty = new Buffer(0)","var pool = new Buffer(10 * 1024)","var used = 0","","var Channel = function (name, plex, opts) {","  if (!opts) opts = {}","  stream.Duplex.call(this)","","  this.name = name","  this.channel = 0","  this.initiator = false","  this.chunked = !!opts.chunked","  this.halfOpen = !!opts.halfOpen","  this.destroyed = false","  this.finalized = false","","  this._multiplex = plex","  this._dataHeader = 0","  this._opened = false","  this._awaitDrain = 0","  this._lazy = !!opts.lazy","","  var finished = false","  var ended = false","","  this.once('end', function () {","    this._read() // trigger drain","    if (this.destroyed) return","    ended = true","    if (finished) this._finalize()","    else if (!this.halfOpen) this.end()","  })","","  this.once('finish', function onfinish () {","    if (this.destroyed) return","    if (!this._opened) {","      this.once('open', onfinish)","    } else {","      if (this._lazy && this.initiator) this._open()","      this._multiplex._send(this.channel << 3 | (this.initiator ? 4 : 3), null)","      finished = true","      if (ended) this._finalize()","    }","  })","}","","inherits(Channel, stream.Duplex)","","Channel.prototype.destroy = function (err) {","  this._destroy(err, true)","}","","Channel.prototype._destroy = function (err, local) {","  if (this.destroyed) return","  this.destroyed = true","  if (err && (!local || EventEmitter.listenerCount(this, 'error'))) this.emit('error', err)","  this.emit('close')","  if (local && this._opened) {","    if (this._lazy && this.initiator) this._open()","    try {","      this._multiplex._send(this.channel << 3 | (this.initiator ? 6 : 5), err ? new Buffer(err.message) : null)","    } catch (e) {}","  }","  this._finalize()","}","","Channel.prototype._finalize = function () {","  if (this.finalized) return","  this.finalized = true","  this.emit('finalize')","}","","Channel.prototype._write = function (data, enc, cb) {","  if (!this._opened) {","    this.once('open', this._write.bind(this, data, enc, cb))","    return","  }","  if (this.destroyed) return cb()","","  if (this._lazy && this.initiator) this._open()","","  var drained = this._multiplex._send(this._dataHeader, data)","  if (drained) cb()","  else this._multiplex._ondrain.push(cb)","}","","Channel.prototype._read = function () {","  if (this._awaitDrain) {","    var drained = this._awaitDrain","    this._awaitDrain = 0","    this._multiplex._onchanneldrain(drained)","  }","}","","Channel.prototype._open = function () {","  var buf = null","  if (Buffer.isBuffer(this.name)) buf = this.name","  else if (this.name !== this.channel.toString()) buf = new Buffer(this.name)","  this._lazy = false","  this._multiplex._send(this.channel << 3 | 0, buf)","}","","Channel.prototype.open = function (channel, initiator) {","  this.channel = channel","  this.initiator = initiator","  this._dataHeader = channel << 3 | (initiator ? 2 : 1)","  this._opened = true","  if (!this._lazy && this.initiator) this._open()","  this.emit('open')","}","","var Multiplex = function (opts, onchannel) {","  if (!(this instanceof Multiplex)) return new Multiplex(opts, onchannel)","  stream.Duplex.call(this)","","  if (typeof opts === 'function') {","    onchannel = opts","    opts = null","  }","  if (!opts) opts = {}","  if (onchannel) this.on('stream', onchannel)","","  this.destroyed = false","  this.limit = opts.limit || 0","","  this._corked = 0","  this._options = opts","  this._binaryName = !!opts.binaryName","  this._local = []","  this._remote = []","  this._list = this._local","  this._receiving = null","  this._chunked = false","  this._state = 0","  this._type = 0","  this._channel = 0","  this._missing = 0","  this._message = null","  this._buf = new Buffer(this.limit ? varint.encodingLength(this.limit) : 100)","  this._ptr = 0","  this._awaitChannelDrains = 0","  this._onwritedrain = null","  this._ondrain = []","  this._finished = false","","  this.on('finish', this._clear)","}","","inherits(Multiplex, stream.Duplex)","","Multiplex.prototype.createStream = function (name, opts) {","  if (this.destroyed) throw new Error('Multiplexer is destroyed')","  var id = this._local.indexOf(null)","  if (id === -1) id = this._local.push(null) - 1","  var channel = new Channel(this._name(name || id.toString()), this, xtend(this._options, opts))","  return this._addChannel(channel, id, this._local)","}","","Multiplex.prototype.receiveStream = function (name, opts) {","  if (this.destroyed) throw new Error('Multiplexer is destroyed')","  if (name === undefined || name === null) throw new Error('Name is needed when receiving a stream')","  var channel = new Channel(this._name(name), this, xtend(this._options, opts))","  if (!this._receiving) this._receiving = {}","  if (this._receiving[channel.name]) throw new Error('You are already receiving this stream')","  this._receiving[channel.name] = channel","  return channel","}","","Multiplex.prototype.createSharedStream = function (name, opts) {","  return duplexify(this.createStream(name, xtend(opts, {lazy: true})), this.receiveStream(name, opts))","}","","Multiplex.prototype._name = function (name) {","  if (!this._binaryName) return name.toString()","  return Buffer.isBuffer(name) ? name : new Buffer(name)","}","","Multiplex.prototype._send = function (header, data) {","  var len = data ? data.length : 0","  var oldUsed = used","  var drained = true","","  varint.encode(header, pool, used)","  used += varint.encode.bytes","  varint.encode(len, pool, used)","  used += varint.encode.bytes","","  drained = this.push(pool.slice(oldUsed, used))","","  if (pool.length - used < 100) {","    pool = new Buffer(10 * 1024)","    used = 0","  }","","  if (data) drained = this.push(data)","  return drained","}","","Multiplex.prototype._addChannel = function (channel, id, list) {","  while (list.length <= id) list.push(null)","  list[id] = channel","  channel.on('finalize', function () {","    list[id] = null","  })","","  channel.open(id, list === this._local)","","  return channel","}","","Multiplex.prototype._writeVarint = function (data, offset) {","  for (offset; offset < data.length; offset++) {","    if (this._ptr === this._buf.length) return this._lengthError(data)","    this._buf[this._ptr++] = data[offset]","    if (!(data[offset] & 0x80)) {","      if (this._state === 0) {","        var header = varint.decode(this._buf)","        this._type = header & 7","        this._channel = header >> 3","        this._list = this._type & 1 ? this._local : this._remote","        var chunked = this._list.length > this._channel && this._list[this._channel] && this._list[this._channel].chunked","        this._chunked = !!(this._type === 1 || this._type === 2) && chunked","      } else {","        this._missing = varint.decode(this._buf)","        if (this.limit && this._missing > this.limit) return this._lengthError(data)","      }","      this._state++","      this._ptr = 0","      return offset + 1","    }","  }","  return data.length","}","","Multiplex.prototype._lengthError = function (data) {","  this.destroy(new Error('Incoming message is too big'))","  return data.length","}","","Multiplex.prototype._writeMessage = function (data, offset) {","  var free = data.length - offset","  var missing = this._missing","","  if (!this._message) {","    if (missing <= free) { // fast track - no copy","      this._missing = 0","      this._push(data.slice(offset, offset + missing))","      return offset + missing","    }","    if (this._chunked) {","      this._missing -= free","      this._push(data.slice(offset, data.length))","      return data.length","    }","    this._message = new Buffer(missing)","  }","","  data.copy(this._message, this._ptr, offset, offset + missing)","","  if (missing <= free) {","    this._missing = 0","    this._push(this._message)","    return offset + missing","  }","","  this._missing -= free","  this._ptr += free","","  return data.length","}","","Multiplex.prototype._push = function (data) {","  if (!this._missing) {","    this._ptr = 0","    this._state = 0","    this._message = null","  }","","  if (this._type === 0) { // open","    if (this.destroyed || this._finished) return","","    var name = this._binaryName ? data : (data.toString() || this._channel.toString())","    var channel","","    if (this._receiving && this._receiving[name]) {","      channel = this._receiving[name]","      delete this._receiving[name]","      this._addChannel(channel, this._channel, this._list)","    } else {","      channel = new Channel(name, this, this._options)","      this.emit('stream', this._addChannel(channel, this._channel, this._list), channel.name)","    }","    return","  }","","  var stream = this._list[this._channel]","  if (!stream) return","","  switch (this._type) {","    case 5: // local error","    case 6: // remote error","    stream._destroy(new Error(data.toString() || 'Channel destroyed'), false)","    return","","    case 3: // local end","    case 4: // remote end","    stream.push(null)","    return","","    case 1: // local packet","    case 2: // remote packet","    if (!stream.push(data)) {","      this._awaitChannelDrains++","      stream._awaitDrain++","    }","    return","  }","}","","Multiplex.prototype._onchanneldrain = function (drained) {","  this._awaitChannelDrains -= drained","  if (this._awaitChannelDrains) return","  var ondrain = this._onwritedrain","  this._onwritedrain = null","  if (ondrain) ondrain()","}","","Multiplex.prototype._write = function (data, enc, cb) {","  if (this._finished) return cb()","  if (this._corked) return this._onuncork(this._write.bind(this, data, enc, cb))","  if (data === SIGNAL_FLUSH) return this._finish(cb)","","  var offset = 0","","  while (offset < data.length) {","    if (this._state === 2) offset = this._writeMessage(data, offset)","    else offset = this._writeVarint(data, offset)","  }","  if (this._state === 2 && !this._missing) this._push(empty)","","  if (this._awaitChannelDrains) this._onwritedrain = cb","  else cb()","}","","Multiplex.prototype._finish = function (cb) {","  var self = this","  this._onuncork(function () {","    if (self._writableState.prefinished === false) self._writableState.prefinished = true","    self.emit('prefinish')","    self._onuncork(cb)","  })","}","","Multiplex.prototype.cork = function () {","  if (++this._corked === 1) this.emit('cork')","}","","Multiplex.prototype.uncork = function () {","  if (this._corked && --this._corked === 0) this.emit('uncork')","}","","Multiplex.prototype.end = function (data, enc, cb) {","  if (typeof data === 'function') return this.end(null, null, data)","  if (typeof enc === 'function') return this.end(data, null, enc)","  if (data) this.write(data)","  if (!this._writableState.ending) this.write(SIGNAL_FLUSH)","  return stream.Writable.prototype.end.call(this, cb)","}","","Multiplex.prototype._onuncork = function (fn) {","  if (this._corked) this.once('uncork', fn)","  else fn()","}","","Multiplex.prototype._read = function () {","  while (this._ondrain.length) this._ondrain.shift()()","}","","Multiplex.prototype._clear = function () {","  if (this._finished) return","  this._finished = true","","  var list = this._local.concat(this._remote)","","  this._local = []","  this._remote = []","","  list.forEach(function (stream) {","    if (stream) stream._destroy(null, false)","  })","","  this.push(null)","}","","Multiplex.prototype.finalize = function () {","  this._clear()","}","","Multiplex.prototype.destroy = function (err) {","  if (this.destroyed) return","  this.destroyed = true","  this._clear()","  if (err) this.emit('error', err)","  this.emit('close')","}","","module.exports = Multiplex",""],"l":{"1":1,"2":1,"3":1,"4":1,"5":1,"6":1,"8":1,"10":1,"11":1,"12":1,"14":1,"15":1,"16":1,"18":1,"19":1,"20":1,"21":1,"22":1,"23":1,"24":1,"26":1,"27":1,"28":1,"29":1,"30":1,"32":1,"33":1,"35":1,"36":0,"37":0,"38":0,"39":0,"40":0,"43":1,"44":0,"45":0,"46":0,"48":0,"49":0,"50":0,"51":0,"56":1,"58":1,"59":0,"62":1,"63":0,"64":0,"65":0,"66":0,"67":0,"68":0,"69":0,"70":0,"73":0,"76":1,"77":0,"78":0,"79":0,"82":1,"83":1,"84":0,"85":0,"87":1,"89":1,"91":1,"92":1,"93":1,"96":1,"97":0,"98":0,"99":0,"100":0,"104":1,"105":1,"106":1,"107":1,"108":1,"109":1,"112":1,"113":1,"114":1,"115":1,"116":1,"117":1,"118":1,"121":1,"122":2,"123":1,"125":1,"126":1,"127":1,"129":1,"130":1,"132":1,"133":1,"135":1,"136":1,"137":1,"138":1,"139":1,"140":1,"141":1,"142":1,"143":1,"144":1,"145":1,"146":1,"147":1,"148":1,"149":1,"150":1,"151":1,"152":1,"153":1,"155":1,"158":1,"160":1,"161":1,"162":1,"163":1,"164":1,"165":1,"168":1,"169":0,"170":0,"171":0,"172":0,"173":0,"174":0,"175":0,"178":1,"179":0,"182":1,"183":1,"184":0,"187":1,"188":2,"189":2,"190":2,"192":2,"193":2,"194":2,"195":2,"197":2,"199":2,"200":0,"201":0,"204":2,"205":2,"208":1,"209":1,"210":1,"211":1,"212":0,"215":1,"217":1,"220":1,"221":0,"222":0,"223":0,"224":0,"225":0,"226":0,"227":0,"228":0,"229":0,"230":0,"231":0,"233":0,"234":0,"236":0,"237":0,"238":0,"241":0,"244":1,"245":0,"246":0,"249":1,"250":0,"251":0,"253":0,"254":0,"255":0,"256":0,"257":0,"259":0,"260":0,"261":0,"262":0,"264":0,"267":0,"269":0,"270":0,"271":0,"272":0,"275":0,"276":0,"278":0,"281":1,"282":0,"283":0,"284":0,"285":0,"288":0,"289":0,"291":0,"292":0,"294":0,"295":0,"296":0,"297":0,"299":0,"300":0,"302":0,"305":0,"306":0,"308":0,"311":0,"312":0,"316":0,"317":0,"321":0,"322":0,"323":0,"325":0,"329":1,"330":0,"331":0,"332":0,"333":0,"334":0,"337":1,"338":0,"339":0,"340":0,"342":0,"344":0,"345":0,"346":0,"348":0,"350":0,"351":0,"354":1,"355":0,"356":0,"357":0,"358":0,"359":0,"363":1,"364":0,"367":1,"368":0,"371":1,"372":0,"373":0,"374":0,"375":0,"376":0,"379":1,"380":0,"381":0,"384":1,"385":0,"388":1,"389":0,"390":0,"392":0,"394":0,"395":0,"397":0,"398":0,"401":0,"404":1,"405":0,"408":1,"409":0,"410":0,"411":0,"412":0,"413":0,"416":1}},"/home/travis/build/npmtest/node-npmtest-multiplex/node_modules/multiplex/bench.js":{"path":"/home/travis/build/npmtest/node-npmtest-multiplex/node_modules/multiplex/bench.js","s":{"1":1,"2":1,"3":1,"4":0,"5":1,"6":1,"7":1,"8":1,"9":1,"10":1,"11":0,"12":0,"13":0,"14":0,"15":0,"16":1,"17":1},"b":{"1":[0,0]},"f":{"1":0,"2":0},"fnMap":{"1":{"name":"(anonymous_1)","line":4,"loc":{"start":{"line":4,"column":21},"end":{"line":4,"column":45}}},"2":{"name":"(anonymous_2)","line":17,"loc":{"start":{"line":17,"column":18},"end":{"line":17,"column":34}}}},"statementMap":{"1":{"start":{"line":1,"column":0},"end":{"line":1,"column":29}},"2":{"start":{"line":2,"column":0},"end":{"line":2,"column":21}},"3":{"start":{"line":4,"column":0},"end":{"line":6,"column":2}},"4":{"start":{"line":5,"column":2},"end":{"line":5,"column":21}},"5":{"start":{"line":8,"column":0},"end":{"line":8,"column":15}},"6":{"start":{"line":10,"column":0},"end":{"line":10,"column":32}},"7":{"start":{"line":11,"column":0},"end":{"line":11,"column":37}},"8":{"start":{"line":12,"column":0},"end":{"line":12,"column":17}},"9":{"start":{"line":13,"column":0},"end":{"line":13,"column":12}},"10":{"start":{"line":17,"column":0},"end":{"line":24,"column":2}},"11":{"start":{"line":18,"column":2},"end":{"line":18,"column":21}},"12":{"start":{"line":19,"column":2},"end":{"line":23,"column":3}},"13":{"start":{"line":20,"column":4},"end":{"line":20,"column":33}},"14":{"start":{"line":21,"column":4},"end":{"line":21,"column":81}},"15":{"start":{"line":22,"column":4},"end":{"line":22,"column":19}},"16":{"start":{"line":26,"column":0},"end":{"line":26,"column":19}},"17":{"start":{"line":27,"column":0},"end":{"line":27,"column":19}}},"branchMap":{"1":{"line":19,"type":"if","locations":[{"start":{"line":19,"column":2},"end":{"line":19,"column":2}},{"start":{"line":19,"column":2},"end":{"line":19,"column":2}}]}},"code":["var multiplex = require('./')","var time = Date.now()","","var plex = multiplex(function (stream, name) {","  stream.pipe(stream)","})","","plex.pipe(plex)","","var stream = plex.createStream()","var hello = new Buffer(16 * 1024 - 1)","var sent = 100000","var rcvd = 0","","// the bench is just to test the actual parsing speed on multiplex","// don't put too much weight into it - its mainly used to spot performance regressions between commits","stream.on('data', function (data) {","  rcvd += data.length","  if (!--sent) {","    var delta = Date.now() - time","    console.log('%d b/s (%d ms)', Math.floor(100000 * rcvd / delta) / 100, delta)","    process.exit(0)","  }","})","","stream.pipe(stream)","stream.write(hello)",""],"l":{"1":1,"2":1,"4":1,"5":0,"8":1,"10":1,"11":1,"12":1,"13":1,"17":1,"18":0,"19":0,"20":0,"21":0,"22":0,"26":1,"27":1}}}